{"/home/majemite/Desktop/banka_application/server/server.js":{"path":"/home/majemite/Desktop/banka_application/server/server.js","statementMap":{"0":{"start":{"line":3,"column":0},"end":{"line":5,"column":3}},"1":{"start":{"line":6,"column":0},"end":{"line":6,"column":28}},"2":{"start":{"line":8,"column":15},"end":{"line":8,"column":57}},"3":{"start":{"line":10,"column":13},"end":{"line":10,"column":62}},"4":{"start":{"line":12,"column":18},"end":{"line":12,"column":64}},"5":{"start":{"line":14,"column":39},"end":{"line":14,"column":95}},"6":{"start":{"line":16,"column":10},"end":{"line":16,"column":36}},"7":{"start":{"line":18,"column":0},"end":{"line":18,"column":39}},"8":{"start":{"line":19,"column":0},"end":{"line":21,"column":4}},"9":{"start":{"line":22,"column":0},"end":{"line":22,"column":38}},"10":{"start":{"line":23,"column":11},"end":{"line":23,"column":35}},"11":{"start":{"line":24,"column":0},"end":{"line":26,"column":3}},"12":{"start":{"line":25,"column":2},"end":{"line":25,"column":54}},"13":{"start":{"line":27,"column":0},"end":{"line":29,"column":3}},"14":{"start":{"line":28,"column":2},"end":{"line":28,"column":43}},"15":{"start":{"line":30,"column":15},"end":{"line":30,"column":18}},"16":{"start":{"line":31,"column":0},"end":{"line":31,"column":30}}},"fnMap":{"0":{"name":"_interopRequireDefault","decl":{"start":{"line":14,"column":9},"end":{"line":14,"column":31}},"loc":{"start":{"line":14,"column":37},"end":{"line":14,"column":97}},"line":14},"1":{"name":"(anonymous_1)","decl":{"start":{"line":24,"column":13},"end":{"line":24,"column":14}},"loc":{"start":{"line":24,"column":33},"end":{"line":26,"column":1}},"line":24},"2":{"name":"(anonymous_2)","decl":{"start":{"line":27,"column":17},"end":{"line":27,"column":18}},"loc":{"start":{"line":27,"column":29},"end":{"line":29,"column":1}},"line":27}},"branchMap":{"0":{"loc":{"start":{"line":14,"column":46},"end":{"line":14,"column":94}},"type":"cond-expr","locations":[{"start":{"line":14,"column":70},"end":{"line":14,"column":73}},{"start":{"line":14,"column":76},"end":{"line":14,"column":94}}],"line":14},"1":{"loc":{"start":{"line":14,"column":46},"end":{"line":14,"column":67}},"type":"binary-expr","locations":[{"start":{"line":14,"column":46},"end":{"line":14,"column":49}},{"start":{"line":14,"column":53},"end":{"line":14,"column":67}}],"line":14},"2":{"loc":{"start":{"line":23,"column":11},"end":{"line":23,"column":35}},"type":"binary-expr","locations":[{"start":{"line":23,"column":11},"end":{"line":23,"column":27}},{"start":{"line":23,"column":31},"end":{"line":23,"column":35}}],"line":23}},"s":{"0":1,"1":1,"2":1,"3":1,"4":1,"5":3,"6":1,"7":1,"8":1,"9":1,"10":1,"11":1,"12":1,"13":1,"14":1,"15":1,"16":1},"f":{"0":3,"1":1,"2":1},"b":{"0":[1,2],"1":[3,3],"2":[1,1]},"_coverageSchema":"43e27e138ebf9cfc5966b082cf9a028302ed4184","hash":"293af7dfe737d73acb9a790b1f01f9a71e2d122f","contentHash":"a63c076a89359fc794048ba4f425efe8b19d41e7ef0a1a080f81173e6c2d7210"},"/home/majemite/Desktop/banka_application/server/routes/index.js":{"path":"/home/majemite/Desktop/banka_application/server/routes/index.js","statementMap":{"0":{"start":{"line":3,"column":0},"end":{"line":5,"column":3}},"1":{"start":{"line":6,"column":0},"end":{"line":6,"column":28}},"2":{"start":{"line":8,"column":15},"end":{"line":8,"column":57}},"3":{"start":{"line":10,"column":25},"end":{"line":10,"column":93}},"4":{"start":{"line":12,"column":22},"end":{"line":12,"column":87}},"5":{"start":{"line":14,"column":19},"end":{"line":14,"column":80}},"6":{"start":{"line":16,"column":22},"end":{"line":16,"column":86}},"7":{"start":{"line":18,"column":27},"end":{"line":18,"column":96}},"8":{"start":{"line":20,"column":19},"end":{"line":20,"column":80}},"9":{"start":{"line":22,"column":39},"end":{"line":22,"column":95}},"10":{"start":{"line":25,"column":13},"end":{"line":25,"column":41}},"11":{"start":{"line":28,"column":25},"end":{"line":28,"column":70}},"12":{"start":{"line":29,"column":24},"end":{"line":29,"column":68}},"13":{"start":{"line":30,"column":20},"end":{"line":30,"column":57}},"14":{"start":{"line":31,"column":19},"end":{"line":31,"column":55}},"15":{"start":{"line":32,"column":32},"end":{"line":32,"column":89}},"16":{"start":{"line":33,"column":31},"end":{"line":33,"column":87}},"17":{"start":{"line":34,"column":17},"end":{"line":34,"column":51}},"18":{"start":{"line":35,"column":0},"end":{"line":35,"column":62}},"19":{"start":{"line":36,"column":0},"end":{"line":36,"column":78}},"20":{"start":{"line":37,"column":0},"end":{"line":37,"column":63}},"21":{"start":{"line":38,"column":0},"end":{"line":38,"column":93}},"22":{"start":{"line":39,"column":0},"end":{"line":39,"column":90}},"23":{"start":{"line":40,"column":0},"end":{"line":40,"column":83}},"24":{"start":{"line":41,"column":0},"end":{"line":41,"column":81}},"25":{"start":{"line":42,"column":0},"end":{"line":42,"column":77}},"26":{"start":{"line":44,"column":0},"end":{"line":44,"column":86}},"27":{"start":{"line":46,"column":0},"end":{"line":46,"column":79}},"28":{"start":{"line":47,"column":15},"end":{"line":47,"column":21}},"29":{"start":{"line":48,"column":0},"end":{"line":48,"column":30}}},"fnMap":{"0":{"name":"_interopRequireDefault","decl":{"start":{"line":22,"column":9},"end":{"line":22,"column":31}},"loc":{"start":{"line":22,"column":37},"end":{"line":22,"column":97}},"line":22}},"branchMap":{"0":{"loc":{"start":{"line":22,"column":46},"end":{"line":22,"column":94}},"type":"cond-expr","locations":[{"start":{"line":22,"column":70},"end":{"line":22,"column":73}},{"start":{"line":22,"column":76},"end":{"line":22,"column":94}}],"line":22},"1":{"loc":{"start":{"line":22,"column":46},"end":{"line":22,"column":67}},"type":"binary-expr","locations":[{"start":{"line":22,"column":46},"end":{"line":22,"column":49}},{"start":{"line":22,"column":53},"end":{"line":22,"column":67}}],"line":22}},"s":{"0":1,"1":1,"2":1,"3":1,"4":1,"5":1,"6":1,"7":1,"8":1,"9":7,"10":1,"11":1,"12":1,"13":1,"14":1,"15":1,"16":1,"17":1,"18":1,"19":1,"20":1,"21":1,"22":1,"23":1,"24":1,"25":1,"26":1,"27":1,"28":1,"29":1},"f":{"0":7},"b":{"0":[6,1],"1":[7,7]},"_coverageSchema":"43e27e138ebf9cfc5966b082cf9a028302ed4184","hash":"f5d3a736442271ae1edf5291f03306a52f783d95","contentHash":"644218a1c297414d235603692c5997328aa440ca1ba271d097b7143876349fc3"},"/home/majemite/Desktop/banka_application/server/dbController/accountController.js":{"path":"/home/majemite/Desktop/banka_application/server/dbController/accountController.js","statementMap":{"0":{"start":{"line":3,"column":0},"end":{"line":5,"column":3}},"1":{"start":{"line":6,"column":0},"end":{"line":6,"column":28}},"2":{"start":{"line":8,"column":14},"end":{"line":8,"column":55}},"3":{"start":{"line":10,"column":13},"end":{"line":10,"column":59}},"4":{"start":{"line":12,"column":13},"end":{"line":12,"column":59}},"5":{"start":{"line":14,"column":14},"end":{"line":14,"column":66}},"6":{"start":{"line":16,"column":22},"end":{"line":16,"column":87}},"7":{"start":{"line":18,"column":0},"end":{"line":18,"column":27}},"8":{"start":{"line":20,"column":39},"end":{"line":20,"column":95}},"9":{"start":{"line":22,"column":77},"end":{"line":22,"column":175}},"10":{"start":{"line":22,"column":94},"end":{"line":22,"column":107}},"11":{"start":{"line":22,"column":121},"end":{"line":22,"column":131}},"12":{"start":{"line":22,"column":151},"end":{"line":22,"column":165}},"13":{"start":{"line":22,"column":166},"end":{"line":22,"column":173}},"14":{"start":{"line":22,"column":176},"end":{"line":22,"column":263}},"15":{"start":{"line":22,"column":193},"end":{"line":22,"column":208}},"16":{"start":{"line":22,"column":218},"end":{"line":22,"column":261}},"17":{"start":{"line":24,"column":33},"end":{"line":24,"column":387}},"18":{"start":{"line":24,"column":65},"end":{"line":24,"column":69}},"19":{"start":{"line":24,"column":78},"end":{"line":24,"column":87}},"20":{"start":{"line":24,"column":89},"end":{"line":24,"column":384}},"21":{"start":{"line":24,"column":147},"end":{"line":24,"column":167}},"22":{"start":{"line":24,"column":193},"end":{"line":24,"column":264}},"23":{"start":{"line":24,"column":290},"end":{"line":24,"column":360}},"24":{"start":{"line":24,"column":363},"end":{"line":24,"column":380}},"25":{"start":{"line":26,"column":24},"end":{"line":449,"column":1}},"26":{"start":{"line":34,"column":18},"end":{"line":123,"column":7}},"27":{"start":{"line":39,"column":6},"end":{"line":122,"column":36}},"28":{"start":{"line":40,"column":8},"end":{"line":121,"column":9}},"29":{"start":{"line":41,"column":10},"end":{"line":120,"column":11}},"30":{"start":{"line":43,"column":14},"end":{"line":46,"column":15}},"31":{"start":{"line":44,"column":16},"end":{"line":44,"column":34}},"32":{"start":{"line":45,"column":16},"end":{"line":45,"column":22}},"33":{"start":{"line":48,"column":14},"end":{"line":51,"column":18}},"34":{"start":{"line":54,"column":14},"end":{"line":57,"column":15}},"35":{"start":{"line":55,"column":16},"end":{"line":55,"column":34}},"36":{"start":{"line":56,"column":16},"end":{"line":56,"column":22}},"37":{"start":{"line":59,"column":14},"end":{"line":62,"column":18}},"38":{"start":{"line":65,"column":14},"end":{"line":68,"column":15}},"39":{"start":{"line":66,"column":16},"end":{"line":66,"column":35}},"40":{"start":{"line":67,"column":16},"end":{"line":67,"column":22}},"41":{"start":{"line":70,"column":14},"end":{"line":73,"column":18}},"42":{"start":{"line":76,"column":14},"end":{"line":79,"column":15}},"43":{"start":{"line":77,"column":16},"end":{"line":77,"column":35}},"44":{"start":{"line":78,"column":16},"end":{"line":78,"column":22}},"45":{"start":{"line":81,"column":14},"end":{"line":84,"column":18}},"46":{"start":{"line":87,"column":14},"end":{"line":87,"column":154}},"47":{"start":{"line":88,"column":14},"end":{"line":88,"column":113}},"48":{"start":{"line":89,"column":14},"end":{"line":89,"column":33}},"49":{"start":{"line":90,"column":14},"end":{"line":90,"column":33}},"50":{"start":{"line":91,"column":14},"end":{"line":91,"column":59}},"51":{"start":{"line":94,"column":14},"end":{"line":94,"column":35}},"52":{"start":{"line":95,"column":14},"end":{"line":95,"column":31}},"53":{"start":{"line":96,"column":14},"end":{"line":107,"column":18}},"54":{"start":{"line":110,"column":14},"end":{"line":110,"column":33}},"55":{"start":{"line":111,"column":14},"end":{"line":111,"column":50}},"56":{"start":{"line":112,"column":14},"end":{"line":115,"column":18}},"57":{"start":{"line":119,"column":14},"end":{"line":119,"column":37}},"58":{"start":{"line":126,"column":6},"end":{"line":126,"column":44}},"59":{"start":{"line":129,"column":4},"end":{"line":129,"column":18}},"60":{"start":{"line":139,"column":18},"end":{"line":178,"column":7}},"61":{"start":{"line":144,"column":6},"end":{"line":177,"column":36}},"62":{"start":{"line":145,"column":8},"end":{"line":176,"column":9}},"63":{"start":{"line":146,"column":10},"end":{"line":175,"column":11}},"64":{"start":{"line":148,"column":14},"end":{"line":148,"column":54}},"65":{"start":{"line":149,"column":14},"end":{"line":149,"column":33}},"66":{"start":{"line":150,"column":14},"end":{"line":150,"column":33}},"67":{"start":{"line":151,"column":14},"end":{"line":151,"column":59}},"68":{"start":{"line":154,"column":14},"end":{"line":154,"column":37}},"69":{"start":{"line":155,"column":14},"end":{"line":155,"column":32}},"70":{"start":{"line":156,"column":14},"end":{"line":156,"column":40}},"71":{"start":{"line":157,"column":14},"end":{"line":165,"column":18}},"72":{"start":{"line":168,"column":14},"end":{"line":168,"column":34}},"73":{"start":{"line":169,"column":14},"end":{"line":169,"column":51}},"74":{"start":{"line":170,"column":14},"end":{"line":170,"column":84}},"75":{"start":{"line":174,"column":14},"end":{"line":174,"column":38}},"76":{"start":{"line":181,"column":6},"end":{"line":181,"column":44}},"77":{"start":{"line":184,"column":4},"end":{"line":184,"column":18}},"78":{"start":{"line":187,"column":22},"end":{"line":232,"column":7}},"79":{"start":{"line":192,"column":6},"end":{"line":231,"column":36}},"80":{"start":{"line":193,"column":8},"end":{"line":230,"column":9}},"81":{"start":{"line":194,"column":10},"end":{"line":229,"column":11}},"82":{"start":{"line":197,"column":14},"end":{"line":204,"column":16}},"83":{"start":{"line":199,"column":18},"end":{"line":202,"column":20}},"84":{"start":{"line":205,"column":14},"end":{"line":205,"column":33}},"85":{"start":{"line":206,"column":14},"end":{"line":206,"column":33}},"86":{"start":{"line":207,"column":14},"end":{"line":207,"column":79}},"87":{"start":{"line":210,"column":14},"end":{"line":210,"column":37}},"88":{"start":{"line":211,"column":14},"end":{"line":211,"column":32}},"89":{"start":{"line":212,"column":14},"end":{"line":212,"column":40}},"90":{"start":{"line":213,"column":14},"end":{"line":213,"column":44}},"91":{"start":{"line":214,"column":14},"end":{"line":214,"column":32}},"92":{"start":{"line":215,"column":14},"end":{"line":218,"column":18}},"93":{"start":{"line":221,"column":14},"end":{"line":221,"column":34}},"94":{"start":{"line":222,"column":14},"end":{"line":222,"column":51}},"95":{"start":{"line":223,"column":14},"end":{"line":223,"column":40}},"96":{"start":{"line":224,"column":14},"end":{"line":224,"column":84}},"97":{"start":{"line":228,"column":14},"end":{"line":228,"column":38}},"98":{"start":{"line":235,"column":6},"end":{"line":235,"column":48}},"99":{"start":{"line":238,"column":4},"end":{"line":238,"column":22}},"100":{"start":{"line":248,"column":18},"end":{"line":290,"column":7}},"101":{"start":{"line":253,"column":6},"end":{"line":289,"column":36}},"102":{"start":{"line":254,"column":8},"end":{"line":288,"column":9}},"103":{"start":{"line":255,"column":10},"end":{"line":287,"column":11}},"104":{"start":{"line":257,"column":14},"end":{"line":257,"column":71}},"105":{"start":{"line":258,"column":14},"end":{"line":258,"column":33}},"106":{"start":{"line":259,"column":14},"end":{"line":259,"column":33}},"107":{"start":{"line":260,"column":14},"end":{"line":260,"column":79}},"108":{"start":{"line":263,"column":14},"end":{"line":263,"column":37}},"109":{"start":{"line":264,"column":14},"end":{"line":264,"column":32}},"110":{"start":{"line":265,"column":14},"end":{"line":265,"column":32}},"111":{"start":{"line":267,"column":14},"end":{"line":270,"column":15}},"112":{"start":{"line":268,"column":16},"end":{"line":268,"column":35}},"113":{"start":{"line":269,"column":16},"end":{"line":269,"column":22}},"114":{"start":{"line":272,"column":14},"end":{"line":274,"column":18}},"115":{"start":{"line":277,"column":14},"end":{"line":277,"column":79}},"116":{"start":{"line":280,"column":14},"end":{"line":280,"column":34}},"117":{"start":{"line":281,"column":14},"end":{"line":281,"column":51}},"118":{"start":{"line":282,"column":14},"end":{"line":282,"column":84}},"119":{"start":{"line":286,"column":14},"end":{"line":286,"column":38}},"120":{"start":{"line":293,"column":6},"end":{"line":293,"column":44}},"121":{"start":{"line":296,"column":4},"end":{"line":296,"column":18}},"122":{"start":{"line":306,"column":18},"end":{"line":378,"column":7}},"123":{"start":{"line":311,"column":6},"end":{"line":377,"column":36}},"124":{"start":{"line":312,"column":8},"end":{"line":376,"column":9}},"125":{"start":{"line":313,"column":10},"end":{"line":375,"column":11}},"126":{"start":{"line":315,"column":14},"end":{"line":318,"column":15}},"127":{"start":{"line":316,"column":16},"end":{"line":316,"column":35}},"128":{"start":{"line":317,"column":16},"end":{"line":317,"column":22}},"129":{"start":{"line":320,"column":14},"end":{"line":324,"column":18}},"130":{"start":{"line":327,"column":14},"end":{"line":330,"column":15}},"131":{"start":{"line":328,"column":16},"end":{"line":328,"column":35}},"132":{"start":{"line":329,"column":16},"end":{"line":329,"column":22}},"133":{"start":{"line":332,"column":14},"end":{"line":336,"column":18}},"134":{"start":{"line":339,"column":14},"end":{"line":339,"column":77}},"135":{"start":{"line":340,"column":14},"end":{"line":340,"column":82}},"136":{"start":{"line":341,"column":14},"end":{"line":341,"column":33}},"137":{"start":{"line":342,"column":14},"end":{"line":342,"column":34}},"138":{"start":{"line":343,"column":14},"end":{"line":343,"column":87}},"139":{"start":{"line":346,"column":14},"end":{"line":346,"column":37}},"140":{"start":{"line":347,"column":14},"end":{"line":347,"column":32}},"141":{"start":{"line":349,"column":14},"end":{"line":352,"column":15}},"142":{"start":{"line":350,"column":16},"end":{"line":350,"column":36}},"143":{"start":{"line":351,"column":16},"end":{"line":351,"column":22}},"144":{"start":{"line":354,"column":14},"end":{"line":356,"column":18}},"145":{"start":{"line":359,"column":14},"end":{"line":359,"column":59}},"146":{"start":{"line":360,"column":14},"end":{"line":360,"column":34}},"147":{"start":{"line":361,"column":14},"end":{"line":361,"column":69}},"148":{"start":{"line":364,"column":14},"end":{"line":364,"column":40}},"149":{"start":{"line":365,"column":14},"end":{"line":365,"column":88}},"150":{"start":{"line":368,"column":14},"end":{"line":368,"column":34}},"151":{"start":{"line":369,"column":14},"end":{"line":369,"column":51}},"152":{"start":{"line":370,"column":14},"end":{"line":370,"column":84}},"153":{"start":{"line":374,"column":14},"end":{"line":374,"column":38}},"154":{"start":{"line":381,"column":6},"end":{"line":381,"column":44}},"155":{"start":{"line":384,"column":4},"end":{"line":384,"column":18}},"156":{"start":{"line":394,"column":19},"end":{"line":441,"column":7}},"157":{"start":{"line":399,"column":6},"end":{"line":440,"column":36}},"158":{"start":{"line":400,"column":8},"end":{"line":439,"column":9}},"159":{"start":{"line":401,"column":10},"end":{"line":438,"column":11}},"160":{"start":{"line":403,"column":14},"end":{"line":403,"column":86}},"161":{"start":{"line":404,"column":14},"end":{"line":404,"column":33}},"162":{"start":{"line":405,"column":14},"end":{"line":405,"column":33}},"163":{"start":{"line":406,"column":14},"end":{"line":406,"column":86}},"164":{"start":{"line":409,"column":14},"end":{"line":409,"column":37}},"165":{"start":{"line":410,"column":14},"end":{"line":410,"column":32}},"166":{"start":{"line":412,"column":14},"end":{"line":415,"column":15}},"167":{"start":{"line":413,"column":16},"end":{"line":413,"column":35}},"168":{"start":{"line":414,"column":16},"end":{"line":414,"column":22}},"169":{"start":{"line":417,"column":14},"end":{"line":419,"column":18}},"170":{"start":{"line":422,"column":14},"end":{"line":422,"column":34}},"171":{"start":{"line":423,"column":14},"end":{"line":423,"column":20}},"172":{"start":{"line":426,"column":14},"end":{"line":426,"column":34}},"173":{"start":{"line":427,"column":14},"end":{"line":427,"column":51}},"174":{"start":{"line":428,"column":14},"end":{"line":428,"column":84}},"175":{"start":{"line":431,"column":14},"end":{"line":433,"column":18}},"176":{"start":{"line":437,"column":14},"end":{"line":437,"column":38}},"177":{"start":{"line":444,"column":6},"end":{"line":444,"column":45}},"178":{"start":{"line":447,"column":4},"end":{"line":447,"column":19}},"179":{"start":{"line":450,"column":15},"end":{"line":450,"column":32}},"180":{"start":{"line":451,"column":0},"end":{"line":451,"column":30}}},"fnMap":{"0":{"name":"_interopRequireDefault","decl":{"start":{"line":20,"column":9},"end":{"line":20,"column":31}},"loc":{"start":{"line":20,"column":37},"end":{"line":20,"column":97}},"line":20},"1":{"name":"asyncGeneratorStep","decl":{"start":{"line":22,"column":9},"end":{"line":22,"column":27}},"loc":{"start":{"line":22,"column":75},"end":{"line":22,"column":265}},"line":22},"2":{"name":"_asyncToGenerator","decl":{"start":{"line":24,"column":9},"end":{"line":24,"column":26}},"loc":{"start":{"line":24,"column":31},"end":{"line":24,"column":389}},"line":24},"3":{"name":"(anonymous_3)","decl":{"start":{"line":24,"column":40},"end":{"line":24,"column":41}},"loc":{"start":{"line":24,"column":52},"end":{"line":24,"column":386}},"line":24},"4":{"name":"(anonymous_4)","decl":{"start":{"line":24,"column":108},"end":{"line":24,"column":109}},"loc":{"start":{"line":24,"column":135},"end":{"line":24,"column":382}},"line":24},"5":{"name":"_next","decl":{"start":{"line":24,"column":178},"end":{"line":24,"column":183}},"loc":{"start":{"line":24,"column":191},"end":{"line":24,"column":266}},"line":24},"6":{"name":"_throw","decl":{"start":{"line":24,"column":276},"end":{"line":24,"column":282}},"loc":{"start":{"line":24,"column":288},"end":{"line":24,"column":362}},"line":24},"7":{"name":"(anonymous_7)","decl":{"start":{"line":33,"column":10},"end":{"line":33,"column":11}},"loc":{"start":{"line":33,"column":22},"end":{"line":130,"column":3}},"line":33},"8":{"name":"_callee","decl":{"start":{"line":36,"column":37},"end":{"line":36,"column":44}},"loc":{"start":{"line":36,"column":55},"end":{"line":123,"column":5}},"line":36},"9":{"name":"_callee$","decl":{"start":{"line":39,"column":46},"end":{"line":39,"column":54}},"loc":{"start":{"line":39,"column":65},"end":{"line":122,"column":7}},"line":39},"10":{"name":"create","decl":{"start":{"line":125,"column":13},"end":{"line":125,"column":19}},"loc":{"start":{"line":125,"column":29},"end":{"line":127,"column":5}},"line":125},"11":{"name":"(anonymous_11)","decl":{"start":{"line":138,"column":10},"end":{"line":138,"column":11}},"loc":{"start":{"line":138,"column":22},"end":{"line":185,"column":3}},"line":138},"12":{"name":"_callee2","decl":{"start":{"line":141,"column":37},"end":{"line":141,"column":45}},"loc":{"start":{"line":141,"column":56},"end":{"line":178,"column":5}},"line":141},"13":{"name":"_callee2$","decl":{"start":{"line":144,"column":46},"end":{"line":144,"column":55}},"loc":{"start":{"line":144,"column":67},"end":{"line":177,"column":7}},"line":144},"14":{"name":"getAll","decl":{"start":{"line":180,"column":13},"end":{"line":180,"column":19}},"loc":{"start":{"line":180,"column":30},"end":{"line":182,"column":5}},"line":180},"15":{"name":"(anonymous_15)","decl":{"start":{"line":186,"column":14},"end":{"line":186,"column":15}},"loc":{"start":{"line":186,"column":26},"end":{"line":239,"column":3}},"line":186},"16":{"name":"_callee3","decl":{"start":{"line":189,"column":37},"end":{"line":189,"column":45}},"loc":{"start":{"line":189,"column":56},"end":{"line":232,"column":5}},"line":189},"17":{"name":"_callee3$","decl":{"start":{"line":192,"column":46},"end":{"line":192,"column":55}},"loc":{"start":{"line":192,"column":67},"end":{"line":231,"column":7}},"line":192},"18":{"name":"query","decl":{"start":{"line":198,"column":32},"end":{"line":198,"column":37}},"loc":{"start":{"line":198,"column":46},"end":{"line":203,"column":17}},"line":198},"19":{"name":"getByEmail","decl":{"start":{"line":234,"column":13},"end":{"line":234,"column":23}},"loc":{"start":{"line":234,"column":34},"end":{"line":236,"column":5}},"line":234},"20":{"name":"(anonymous_20)","decl":{"start":{"line":247,"column":10},"end":{"line":247,"column":11}},"loc":{"start":{"line":247,"column":22},"end":{"line":297,"column":3}},"line":247},"21":{"name":"_callee4","decl":{"start":{"line":250,"column":37},"end":{"line":250,"column":45}},"loc":{"start":{"line":250,"column":56},"end":{"line":290,"column":5}},"line":250},"22":{"name":"_callee4$","decl":{"start":{"line":253,"column":46},"end":{"line":253,"column":55}},"loc":{"start":{"line":253,"column":67},"end":{"line":289,"column":7}},"line":253},"23":{"name":"getOne","decl":{"start":{"line":292,"column":13},"end":{"line":292,"column":19}},"loc":{"start":{"line":292,"column":30},"end":{"line":294,"column":5}},"line":292},"24":{"name":"(anonymous_24)","decl":{"start":{"line":305,"column":10},"end":{"line":305,"column":11}},"loc":{"start":{"line":305,"column":22},"end":{"line":385,"column":3}},"line":305},"25":{"name":"_callee5","decl":{"start":{"line":308,"column":37},"end":{"line":308,"column":45}},"loc":{"start":{"line":308,"column":56},"end":{"line":378,"column":5}},"line":308},"26":{"name":"_callee5$","decl":{"start":{"line":311,"column":46},"end":{"line":311,"column":55}},"loc":{"start":{"line":311,"column":67},"end":{"line":377,"column":7}},"line":311},"27":{"name":"update","decl":{"start":{"line":380,"column":13},"end":{"line":380,"column":19}},"loc":{"start":{"line":380,"column":31},"end":{"line":382,"column":5}},"line":380},"28":{"name":"(anonymous_28)","decl":{"start":{"line":393,"column":12},"end":{"line":393,"column":13}},"loc":{"start":{"line":393,"column":24},"end":{"line":448,"column":3}},"line":393},"29":{"name":"_callee6","decl":{"start":{"line":396,"column":37},"end":{"line":396,"column":45}},"loc":{"start":{"line":396,"column":56},"end":{"line":441,"column":5}},"line":396},"30":{"name":"_callee6$","decl":{"start":{"line":399,"column":46},"end":{"line":399,"column":55}},"loc":{"start":{"line":399,"column":67},"end":{"line":440,"column":7}},"line":399},"31":{"name":"_delete","decl":{"start":{"line":443,"column":13},"end":{"line":443,"column":20}},"loc":{"start":{"line":443,"column":33},"end":{"line":445,"column":5}},"line":443}},"branchMap":{"0":{"loc":{"start":{"line":20,"column":46},"end":{"line":20,"column":94}},"type":"cond-expr","locations":[{"start":{"line":20,"column":70},"end":{"line":20,"column":73}},{"start":{"line":20,"column":76},"end":{"line":20,"column":94}}],"line":20},"1":{"loc":{"start":{"line":20,"column":46},"end":{"line":20,"column":67}},"type":"binary-expr","locations":[{"start":{"line":20,"column":46},"end":{"line":20,"column":49}},{"start":{"line":20,"column":53},"end":{"line":20,"column":67}}],"line":20},"2":{"loc":{"start":{"line":22,"column":176},"end":{"line":22,"column":263}},"type":"if","locations":[{"start":{"line":22,"column":176},"end":{"line":22,"column":263}},{"start":{"line":22,"column":176},"end":{"line":22,"column":263}}],"line":22},"3":{"loc":{"start":{"line":41,"column":10},"end":{"line":120,"column":11}},"type":"switch","locations":[{"start":{"line":42,"column":12},"end":{"line":51,"column":18}},{"start":{"line":53,"column":12},"end":{"line":62,"column":18}},{"start":{"line":64,"column":12},"end":{"line":73,"column":18}},{"start":{"line":75,"column":12},"end":{"line":84,"column":18}},{"start":{"line":86,"column":12},"end":{"line":91,"column":59}},{"start":{"line":93,"column":12},"end":{"line":107,"column":18}},{"start":{"line":109,"column":12},"end":{"line":115,"column":18}},{"start":{"line":117,"column":12},"end":{"line":117,"column":20}},{"start":{"line":118,"column":12},"end":{"line":119,"column":37}}],"line":41},"4":{"loc":{"start":{"line":43,"column":14},"end":{"line":46,"column":15}},"type":"if","locations":[{"start":{"line":43,"column":14},"end":{"line":46,"column":15}},{"start":{"line":43,"column":14},"end":{"line":46,"column":15}}],"line":43},"5":{"loc":{"start":{"line":54,"column":14},"end":{"line":57,"column":15}},"type":"if","locations":[{"start":{"line":54,"column":14},"end":{"line":57,"column":15}},{"start":{"line":54,"column":14},"end":{"line":57,"column":15}}],"line":54},"6":{"loc":{"start":{"line":65,"column":14},"end":{"line":68,"column":15}},"type":"if","locations":[{"start":{"line":65,"column":14},"end":{"line":68,"column":15}},{"start":{"line":65,"column":14},"end":{"line":68,"column":15}}],"line":65},"7":{"loc":{"start":{"line":76,"column":14},"end":{"line":79,"column":15}},"type":"if","locations":[{"start":{"line":76,"column":14},"end":{"line":79,"column":15}},{"start":{"line":76,"column":14},"end":{"line":79,"column":15}}],"line":76},"8":{"loc":{"start":{"line":146,"column":10},"end":{"line":175,"column":11}},"type":"switch","locations":[{"start":{"line":147,"column":12},"end":{"line":151,"column":59}},{"start":{"line":153,"column":12},"end":{"line":165,"column":18}},{"start":{"line":167,"column":12},"end":{"line":170,"column":84}},{"start":{"line":172,"column":12},"end":{"line":172,"column":20}},{"start":{"line":173,"column":12},"end":{"line":174,"column":38}}],"line":146},"9":{"loc":{"start":{"line":194,"column":10},"end":{"line":229,"column":11}},"type":"switch","locations":[{"start":{"line":195,"column":12},"end":{"line":207,"column":79}},{"start":{"line":209,"column":12},"end":{"line":218,"column":18}},{"start":{"line":220,"column":12},"end":{"line":224,"column":84}},{"start":{"line":226,"column":12},"end":{"line":226,"column":20}},{"start":{"line":227,"column":12},"end":{"line":228,"column":38}}],"line":194},"10":{"loc":{"start":{"line":255,"column":10},"end":{"line":287,"column":11}},"type":"switch","locations":[{"start":{"line":256,"column":12},"end":{"line":260,"column":79}},{"start":{"line":262,"column":12},"end":{"line":274,"column":18}},{"start":{"line":276,"column":12},"end":{"line":277,"column":79}},{"start":{"line":279,"column":12},"end":{"line":282,"column":84}},{"start":{"line":284,"column":12},"end":{"line":284,"column":20}},{"start":{"line":285,"column":12},"end":{"line":286,"column":38}}],"line":255},"11":{"loc":{"start":{"line":267,"column":14},"end":{"line":270,"column":15}},"type":"if","locations":[{"start":{"line":267,"column":14},"end":{"line":270,"column":15}},{"start":{"line":267,"column":14},"end":{"line":270,"column":15}}],"line":267},"12":{"loc":{"start":{"line":313,"column":10},"end":{"line":375,"column":11}},"type":"switch","locations":[{"start":{"line":314,"column":12},"end":{"line":324,"column":18}},{"start":{"line":326,"column":12},"end":{"line":336,"column":18}},{"start":{"line":338,"column":12},"end":{"line":343,"column":87}},{"start":{"line":345,"column":12},"end":{"line":356,"column":18}},{"start":{"line":358,"column":12},"end":{"line":361,"column":69}},{"start":{"line":363,"column":12},"end":{"line":365,"column":88}},{"start":{"line":367,"column":12},"end":{"line":370,"column":84}},{"start":{"line":372,"column":12},"end":{"line":372,"column":20}},{"start":{"line":373,"column":12},"end":{"line":374,"column":38}}],"line":313},"13":{"loc":{"start":{"line":315,"column":14},"end":{"line":318,"column":15}},"type":"if","locations":[{"start":{"line":315,"column":14},"end":{"line":318,"column":15}},{"start":{"line":315,"column":14},"end":{"line":318,"column":15}}],"line":315},"14":{"loc":{"start":{"line":327,"column":14},"end":{"line":330,"column":15}},"type":"if","locations":[{"start":{"line":327,"column":14},"end":{"line":330,"column":15}},{"start":{"line":327,"column":14},"end":{"line":330,"column":15}}],"line":327},"15":{"loc":{"start":{"line":349,"column":14},"end":{"line":352,"column":15}},"type":"if","locations":[{"start":{"line":349,"column":14},"end":{"line":352,"column":15}},{"start":{"line":349,"column":14},"end":{"line":352,"column":15}}],"line":349},"16":{"loc":{"start":{"line":359,"column":24},"end":{"line":359,"column":57}},"type":"binary-expr","locations":[{"start":{"line":359,"column":24},"end":{"line":359,"column":39}},{"start":{"line":359,"column":43},"end":{"line":359,"column":57}}],"line":359},"17":{"loc":{"start":{"line":401,"column":10},"end":{"line":438,"column":11}},"type":"switch","locations":[{"start":{"line":402,"column":12},"end":{"line":406,"column":86}},{"start":{"line":408,"column":12},"end":{"line":419,"column":18}},{"start":{"line":421,"column":12},"end":{"line":423,"column":20}},{"start":{"line":425,"column":12},"end":{"line":428,"column":84}},{"start":{"line":430,"column":12},"end":{"line":433,"column":18}},{"start":{"line":435,"column":12},"end":{"line":435,"column":20}},{"start":{"line":436,"column":12},"end":{"line":437,"column":38}}],"line":401},"18":{"loc":{"start":{"line":412,"column":14},"end":{"line":415,"column":15}},"type":"if","locations":[{"start":{"line":412,"column":14},"end":{"line":415,"column":15}},{"start":{"line":412,"column":14},"end":{"line":415,"column":15}}],"line":412}},"s":{"0":1,"1":1,"2":1,"3":1,"4":1,"5":1,"6":1,"7":1,"8":5,"9":17,"10":17,"11":17,"12":0,"13":0,"14":17,"15":11,"16":6,"17":6,"18":11,"19":11,"20":11,"21":11,"22":17,"23":0,"24":11,"25":1,"26":1,"27":4,"28":8,"29":13,"30":4,"31":3,"32":3,"33":1,"34":3,"35":2,"36":2,"37":1,"38":2,"39":0,"40":0,"41":2,"42":0,"43":0,"44":0,"45":0,"46":0,"47":0,"48":0,"49":0,"50":0,"51":0,"52":0,"53":0,"54":0,"55":0,"56":0,"57":4,"58":4,"59":1,"60":1,"61":1,"62":3,"63":3,"64":1,"65":1,"66":1,"67":1,"68":1,"69":1,"70":1,"71":1,"72":0,"73":0,"74":0,"75":1,"76":1,"77":1,"78":1,"79":0,"80":0,"81":0,"82":0,"83":0,"84":0,"85":0,"86":0,"87":0,"88":0,"89":0,"90":0,"91":0,"92":0,"93":0,"94":0,"95":0,"96":0,"97":0,"98":0,"99":1,"100":1,"101":2,"102":6,"103":7,"104":2,"105":2,"106":2,"107":2,"108":2,"109":2,"110":2,"111":2,"112":1,"113":1,"114":1,"115":1,"116":0,"117":0,"118":0,"119":2,"120":2,"121":1,"122":1,"123":3,"124":8,"125":12,"126":3,"127":2,"128":2,"129":1,"130":2,"131":1,"132":1,"133":1,"134":1,"135":1,"136":1,"137":1,"138":1,"139":1,"140":1,"141":1,"142":1,"143":1,"144":0,"145":1,"146":1,"147":1,"148":1,"149":1,"150":0,"151":0,"152":0,"153":3,"154":3,"155":1,"156":1,"157":1,"158":3,"159":3,"160":1,"161":1,"162":1,"163":1,"164":1,"165":1,"166":1,"167":0,"168":0,"169":1,"170":0,"171":0,"172":0,"173":0,"174":0,"175":0,"176":1,"177":1,"178":1,"179":1,"180":1},"f":{"0":5,"1":17,"2":6,"3":11,"4":11,"5":17,"6":0,"7":1,"8":4,"9":8,"10":4,"11":1,"12":1,"13":3,"14":1,"15":1,"16":0,"17":0,"18":0,"19":0,"20":1,"21":2,"22":6,"23":2,"24":1,"25":3,"26":8,"27":3,"28":1,"29":1,"30":3,"31":1},"b":{"0":[4,1],"1":[5,5],"2":[11,6],"3":[4,3,2,0,0,0,0,0,4],"4":[3,1],"5":[2,1],"6":[0,2],"7":[0,0],"8":[1,1,0,0,1],"9":[0,0,0,0,0],"10":[2,2,1,0,0,2],"11":[1,1],"12":[3,2,1,1,1,1,0,0,3],"13":[2,1],"14":[1,1],"15":[1,0],"16":[1,0],"17":[1,1,0,0,0,0,1],"18":[0,1]},"_coverageSchema":"43e27e138ebf9cfc5966b082cf9a028302ed4184","hash":"70feeeac54142a7fea3386dc9da970a2ab60b106","contentHash":"f0734ad6d8730e0a04c0392240da55224d15191bfbb74cfbcc7e4c6cd561084a"},"/home/majemite/Desktop/banka_application/server/db/index.js":{"path":"/home/majemite/Desktop/banka_application/server/db/index.js","statementMap":{"0":{"start":{"line":3,"column":0},"end":{"line":5,"column":3}},"1":{"start":{"line":6,"column":0},"end":{"line":6,"column":28}},"2":{"start":{"line":8,"column":10},"end":{"line":8,"column":23}},"3":{"start":{"line":10,"column":14},"end":{"line":10,"column":55}},"4":{"start":{"line":12,"column":39},"end":{"line":12,"column":95}},"5":{"start":{"line":14,"column":0},"end":{"line":14,"column":28}},"6":{"start":{"line":16,"column":11},"end":{"line":18,"column":2}},"7":{"start":{"line":19,"column":15},"end":{"line":35,"column":1}},"8":{"start":{"line":27,"column":4},"end":{"line":33,"column":7}},"9":{"start":{"line":28,"column":6},"end":{"line":32,"column":9}},"10":{"start":{"line":29,"column":8},"end":{"line":29,"column":21}},"11":{"start":{"line":31,"column":8},"end":{"line":31,"column":20}},"12":{"start":{"line":36,"column":0},"end":{"line":36,"column":30}}},"fnMap":{"0":{"name":"_interopRequireDefault","decl":{"start":{"line":12,"column":9},"end":{"line":12,"column":31}},"loc":{"start":{"line":12,"column":37},"end":{"line":12,"column":97}},"line":12},"1":{"name":"query","decl":{"start":{"line":26,"column":18},"end":{"line":26,"column":23}},"loc":{"start":{"line":26,"column":38},"end":{"line":34,"column":3}},"line":26},"2":{"name":"(anonymous_2)","decl":{"start":{"line":27,"column":23},"end":{"line":27,"column":24}},"loc":{"start":{"line":27,"column":50},"end":{"line":33,"column":5}},"line":27},"3":{"name":"(anonymous_3)","decl":{"start":{"line":28,"column":36},"end":{"line":28,"column":37}},"loc":{"start":{"line":28,"column":51},"end":{"line":30,"column":7}},"line":28},"4":{"name":"(anonymous_4)","decl":{"start":{"line":30,"column":18},"end":{"line":30,"column":19}},"loc":{"start":{"line":30,"column":33},"end":{"line":32,"column":7}},"line":30}},"branchMap":{"0":{"loc":{"start":{"line":12,"column":46},"end":{"line":12,"column":94}},"type":"cond-expr","locations":[{"start":{"line":12,"column":70},"end":{"line":12,"column":73}},{"start":{"line":12,"column":76},"end":{"line":12,"column":94}}],"line":12},"1":{"loc":{"start":{"line":12,"column":46},"end":{"line":12,"column":67}},"type":"binary-expr","locations":[{"start":{"line":12,"column":46},"end":{"line":12,"column":49}},{"start":{"line":12,"column":53},"end":{"line":12,"column":67}}],"line":12}},"s":{"0":1,"1":1,"2":1,"3":1,"4":1,"5":1,"6":1,"7":1,"8":11,"9":11,"10":10,"11":1,"12":1},"f":{"0":1,"1":11,"2":11,"3":10,"4":1},"b":{"0":[0,1],"1":[1,1]},"_coverageSchema":"43e27e138ebf9cfc5966b082cf9a028302ed4184","hash":"8682c8f21d012b67c521afa2b5d0b06dd0a0c84a","contentHash":"13fe3ef45ef4d3f3c5c0fcea4afbcdd9cd36967ef5f54fcfb26f2a77b4a08cbf"},"/home/majemite/Desktop/banka_application/server/db/model.js":{"path":"/home/majemite/Desktop/banka_application/server/db/model.js","statementMap":{"0":{"start":{"line":3,"column":0},"end":{"line":5,"column":3}},"1":{"start":{"line":6,"column":0},"end":{"line":6,"column":28}},"2":{"start":{"line":8,"column":10},"end":{"line":8,"column":23}},"3":{"start":{"line":10,"column":14},"end":{"line":10,"column":55}},"4":{"start":{"line":12,"column":13},"end":{"line":12,"column":53}},"5":{"start":{"line":14,"column":0},"end":{"line":14,"column":27}},"6":{"start":{"line":16,"column":39},"end":{"line":16,"column":95}},"7":{"start":{"line":18,"column":77},"end":{"line":18,"column":175}},"8":{"start":{"line":18,"column":94},"end":{"line":18,"column":107}},"9":{"start":{"line":18,"column":121},"end":{"line":18,"column":131}},"10":{"start":{"line":18,"column":151},"end":{"line":18,"column":165}},"11":{"start":{"line":18,"column":166},"end":{"line":18,"column":173}},"12":{"start":{"line":18,"column":176},"end":{"line":18,"column":263}},"13":{"start":{"line":18,"column":193},"end":{"line":18,"column":208}},"14":{"start":{"line":18,"column":218},"end":{"line":18,"column":261}},"15":{"start":{"line":20,"column":33},"end":{"line":20,"column":387}},"16":{"start":{"line":20,"column":65},"end":{"line":20,"column":69}},"17":{"start":{"line":20,"column":78},"end":{"line":20,"column":87}},"18":{"start":{"line":20,"column":89},"end":{"line":20,"column":384}},"19":{"start":{"line":20,"column":147},"end":{"line":20,"column":167}},"20":{"start":{"line":20,"column":193},"end":{"line":20,"column":264}},"21":{"start":{"line":20,"column":290},"end":{"line":20,"column":360}},"22":{"start":{"line":20,"column":363},"end":{"line":20,"column":380}},"23":{"start":{"line":22,"column":50},"end":{"line":22,"column":151}},"24":{"start":{"line":22,"column":92},"end":{"line":22,"column":149}},"25":{"start":{"line":24,"column":44},"end":{"line":24,"column":315}},"26":{"start":{"line":24,"column":57},"end":{"line":24,"column":58}},"27":{"start":{"line":24,"column":102},"end":{"line":24,"column":110}},"28":{"start":{"line":24,"column":112},"end":{"line":24,"column":167}},"29":{"start":{"line":24,"column":168},"end":{"line":24,"column":199}},"30":{"start":{"line":24,"column":200},"end":{"line":24,"column":254}},"31":{"start":{"line":24,"column":227},"end":{"line":24,"column":254}},"32":{"start":{"line":24,"column":255},"end":{"line":24,"column":313}},"33":{"start":{"line":26,"column":62},"end":{"line":26,"column":131}},"34":{"start":{"line":26,"column":78},"end":{"line":26,"column":131}},"35":{"start":{"line":26,"column":132},"end":{"line":26,"column":193}},"36":{"start":{"line":26,"column":149},"end":{"line":26,"column":193}},"37":{"start":{"line":26,"column":194},"end":{"line":26,"column":213}},"38":{"start":{"line":28,"column":0},"end":{"line":28,"column":28}},"39":{"start":{"line":30,"column":12},"end":{"line":30,"column":41}},"40":{"start":{"line":34,"column":0},"end":{"line":262,"column":3}},"41":{"start":{"line":36,"column":4},"end":{"line":36,"column":33}},"42":{"start":{"line":38,"column":4},"end":{"line":38,"column":23}},"43":{"start":{"line":39,"column":4},"end":{"line":39,"column":33}},"44":{"start":{"line":40,"column":4},"end":{"line":42,"column":7}},"45":{"start":{"line":41,"column":6},"end":{"line":41,"column":30}},"46":{"start":{"line":45,"column":2},"end":{"line":259,"column":6}},"47":{"start":{"line":48,"column":20},"end":{"line":76,"column":9}},"48":{"start":{"line":52,"column":8},"end":{"line":75,"column":36}},"49":{"start":{"line":53,"column":10},"end":{"line":74,"column":11}},"50":{"start":{"line":54,"column":12},"end":{"line":73,"column":13}},"51":{"start":{"line":56,"column":16},"end":{"line":56,"column":34}},"52":{"start":{"line":57,"column":16},"end":{"line":57,"column":34}},"53":{"start":{"line":58,"column":16},"end":{"line":58,"column":124}},"54":{"start":{"line":61,"column":16},"end":{"line":61,"column":39}},"55":{"start":{"line":62,"column":16},"end":{"line":62,"column":41}},"56":{"start":{"line":63,"column":16},"end":{"line":63,"column":62}},"57":{"start":{"line":66,"column":16},"end":{"line":66,"column":34}},"58":{"start":{"line":67,"column":16},"end":{"line":67,"column":51}},"59":{"start":{"line":68,"column":16},"end":{"line":68,"column":83}},"60":{"start":{"line":72,"column":16},"end":{"line":72,"column":39}},"61":{"start":{"line":79,"column":8},"end":{"line":79,"column":46}},"62":{"start":{"line":82,"column":6},"end":{"line":82,"column":20}},"63":{"start":{"line":87,"column":20},"end":{"line":115,"column":9}},"64":{"start":{"line":91,"column":8},"end":{"line":114,"column":37}},"65":{"start":{"line":92,"column":10},"end":{"line":113,"column":11}},"66":{"start":{"line":93,"column":12},"end":{"line":112,"column":13}},"67":{"start":{"line":95,"column":16},"end":{"line":95,"column":35}},"68":{"start":{"line":96,"column":16},"end":{"line":96,"column":35}},"69":{"start":{"line":97,"column":16},"end":{"line":97,"column":139}},"70":{"start":{"line":100,"column":16},"end":{"line":100,"column":40}},"71":{"start":{"line":101,"column":16},"end":{"line":101,"column":41}},"72":{"start":{"line":102,"column":16},"end":{"line":102,"column":63}},"73":{"start":{"line":105,"column":16},"end":{"line":105,"column":35}},"74":{"start":{"line":106,"column":16},"end":{"line":106,"column":53}},"75":{"start":{"line":107,"column":16},"end":{"line":107,"column":85}},"76":{"start":{"line":111,"column":16},"end":{"line":111,"column":40}},"77":{"start":{"line":118,"column":8},"end":{"line":118,"column":46}},"78":{"start":{"line":121,"column":6},"end":{"line":121,"column":20}},"79":{"start":{"line":126,"column":20},"end":{"line":154,"column":9}},"80":{"start":{"line":130,"column":8},"end":{"line":153,"column":37}},"81":{"start":{"line":131,"column":10},"end":{"line":152,"column":11}},"82":{"start":{"line":132,"column":12},"end":{"line":151,"column":13}},"83":{"start":{"line":134,"column":16},"end":{"line":134,"column":35}},"84":{"start":{"line":135,"column":16},"end":{"line":135,"column":35}},"85":{"start":{"line":136,"column":16},"end":{"line":136,"column":140}},"86":{"start":{"line":139,"column":16},"end":{"line":139,"column":40}},"87":{"start":{"line":140,"column":16},"end":{"line":140,"column":41}},"88":{"start":{"line":141,"column":16},"end":{"line":141,"column":63}},"89":{"start":{"line":144,"column":16},"end":{"line":144,"column":35}},"90":{"start":{"line":145,"column":16},"end":{"line":145,"column":53}},"91":{"start":{"line":146,"column":16},"end":{"line":146,"column":85}},"92":{"start":{"line":150,"column":16},"end":{"line":150,"column":40}},"93":{"start":{"line":157,"column":8},"end":{"line":157,"column":46}},"94":{"start":{"line":160,"column":6},"end":{"line":160,"column":20}},"95":{"start":{"line":165,"column":21},"end":{"line":193,"column":9}},"96":{"start":{"line":169,"column":8},"end":{"line":192,"column":37}},"97":{"start":{"line":170,"column":10},"end":{"line":191,"column":11}},"98":{"start":{"line":171,"column":12},"end":{"line":190,"column":13}},"99":{"start":{"line":173,"column":16},"end":{"line":173,"column":35}},"100":{"start":{"line":174,"column":16},"end":{"line":174,"column":35}},"101":{"start":{"line":175,"column":16},"end":{"line":175,"column":124}},"102":{"start":{"line":178,"column":16},"end":{"line":178,"column":40}},"103":{"start":{"line":179,"column":16},"end":{"line":179,"column":36}},"104":{"start":{"line":180,"column":16},"end":{"line":180,"column":58}},"105":{"start":{"line":183,"column":16},"end":{"line":183,"column":35}},"106":{"start":{"line":184,"column":16},"end":{"line":184,"column":53}},"107":{"start":{"line":185,"column":16},"end":{"line":185,"column":85}},"108":{"start":{"line":189,"column":16},"end":{"line":189,"column":40}},"109":{"start":{"line":196,"column":8},"end":{"line":196,"column":47}},"110":{"start":{"line":199,"column":6},"end":{"line":199,"column":21}},"111":{"start":{"line":204,"column":23},"end":{"line":232,"column":9}},"112":{"start":{"line":208,"column":8},"end":{"line":231,"column":37}},"113":{"start":{"line":209,"column":10},"end":{"line":230,"column":11}},"114":{"start":{"line":210,"column":12},"end":{"line":229,"column":13}},"115":{"start":{"line":212,"column":16},"end":{"line":212,"column":35}},"116":{"start":{"line":213,"column":16},"end":{"line":213,"column":35}},"117":{"start":{"line":214,"column":16},"end":{"line":214,"column":94}},"118":{"start":{"line":217,"column":16},"end":{"line":217,"column":40}},"119":{"start":{"line":218,"column":16},"end":{"line":218,"column":41}},"120":{"start":{"line":219,"column":16},"end":{"line":219,"column":63}},"121":{"start":{"line":222,"column":16},"end":{"line":222,"column":35}},"122":{"start":{"line":223,"column":16},"end":{"line":223,"column":53}},"123":{"start":{"line":224,"column":16},"end":{"line":224,"column":85}},"124":{"start":{"line":228,"column":16},"end":{"line":228,"column":40}},"125":{"start":{"line":235,"column":8},"end":{"line":235,"column":49}},"126":{"start":{"line":238,"column":6},"end":{"line":238,"column":23}},"127":{"start":{"line":243,"column":25},"end":{"line":243,"column":36}},"128":{"start":{"line":244,"column":17},"end":{"line":244,"column":34}},"129":{"start":{"line":245,"column":17},"end":{"line":245,"column":34}},"130":{"start":{"line":246,"column":21},"end":{"line":246,"column":42}},"131":{"start":{"line":247,"column":21},"end":{"line":247,"column":42}},"132":{"start":{"line":248,"column":20},"end":{"line":248,"column":40}},"133":{"start":{"line":249,"column":25},"end":{"line":255,"column":7}},"134":{"start":{"line":256,"column":6},"end":{"line":256,"column":68}},"135":{"start":{"line":257,"column":6},"end":{"line":257,"column":40}},"136":{"start":{"line":261,"column":2},"end":{"line":261,"column":15}},"137":{"start":{"line":264,"column":0},"end":{"line":264,"column":27}}},"fnMap":{"0":{"name":"_interopRequireDefault","decl":{"start":{"line":16,"column":9},"end":{"line":16,"column":31}},"loc":{"start":{"line":16,"column":37},"end":{"line":16,"column":97}},"line":16},"1":{"name":"asyncGeneratorStep","decl":{"start":{"line":18,"column":9},"end":{"line":18,"column":27}},"loc":{"start":{"line":18,"column":75},"end":{"line":18,"column":265}},"line":18},"2":{"name":"_asyncToGenerator","decl":{"start":{"line":20,"column":9},"end":{"line":20,"column":26}},"loc":{"start":{"line":20,"column":31},"end":{"line":20,"column":389}},"line":20},"3":{"name":"(anonymous_3)","decl":{"start":{"line":20,"column":40},"end":{"line":20,"column":41}},"loc":{"start":{"line":20,"column":52},"end":{"line":20,"column":386}},"line":20},"4":{"name":"(anonymous_4)","decl":{"start":{"line":20,"column":108},"end":{"line":20,"column":109}},"loc":{"start":{"line":20,"column":135},"end":{"line":20,"column":382}},"line":20},"5":{"name":"_next","decl":{"start":{"line":20,"column":178},"end":{"line":20,"column":183}},"loc":{"start":{"line":20,"column":191},"end":{"line":20,"column":266}},"line":20},"6":{"name":"_throw","decl":{"start":{"line":20,"column":276},"end":{"line":20,"column":282}},"loc":{"start":{"line":20,"column":288},"end":{"line":20,"column":362}},"line":20},"7":{"name":"_classCallCheck","decl":{"start":{"line":22,"column":9},"end":{"line":22,"column":24}},"loc":{"start":{"line":22,"column":48},"end":{"line":22,"column":153}},"line":22},"8":{"name":"_defineProperties","decl":{"start":{"line":24,"column":9},"end":{"line":24,"column":26}},"loc":{"start":{"line":24,"column":42},"end":{"line":24,"column":317}},"line":24},"9":{"name":"_createClass","decl":{"start":{"line":26,"column":9},"end":{"line":26,"column":21}},"loc":{"start":{"line":26,"column":60},"end":{"line":26,"column":215}},"line":26},"10":{"name":"(anonymous_10)","decl":{"start":{"line":34,"column":0},"end":{"line":34,"column":1}},"loc":{"start":{"line":34,"column":12},"end":{"line":262,"column":1}},"line":34},"11":{"name":"Model","decl":{"start":{"line":35,"column":11},"end":{"line":35,"column":16}},"loc":{"start":{"line":35,"column":24},"end":{"line":43,"column":3}},"line":35},"12":{"name":"(anonymous_12)","decl":{"start":{"line":40,"column":26},"end":{"line":40,"column":27}},"loc":{"start":{"line":40,"column":41},"end":{"line":42,"column":5}},"line":40},"13":{"name":"(anonymous_13)","decl":{"start":{"line":47,"column":11},"end":{"line":47,"column":12}},"loc":{"start":{"line":47,"column":23},"end":{"line":83,"column":5}},"line":47},"14":{"name":"_callee","decl":{"start":{"line":50,"column":39},"end":{"line":50,"column":46}},"loc":{"start":{"line":50,"column":67},"end":{"line":76,"column":7}},"line":50},"15":{"name":"_callee$","decl":{"start":{"line":52,"column":48},"end":{"line":52,"column":56}},"loc":{"start":{"line":52,"column":67},"end":{"line":75,"column":9}},"line":52},"16":{"name":"select","decl":{"start":{"line":78,"column":15},"end":{"line":78,"column":21}},"loc":{"start":{"line":78,"column":31},"end":{"line":80,"column":7}},"line":78},"17":{"name":"(anonymous_17)","decl":{"start":{"line":86,"column":11},"end":{"line":86,"column":12}},"loc":{"start":{"line":86,"column":23},"end":{"line":122,"column":5}},"line":86},"18":{"name":"_callee2","decl":{"start":{"line":89,"column":39},"end":{"line":89,"column":47}},"loc":{"start":{"line":89,"column":64},"end":{"line":115,"column":7}},"line":89},"19":{"name":"_callee2$","decl":{"start":{"line":91,"column":48},"end":{"line":91,"column":57}},"loc":{"start":{"line":91,"column":69},"end":{"line":114,"column":9}},"line":91},"20":{"name":"create","decl":{"start":{"line":117,"column":15},"end":{"line":117,"column":21}},"loc":{"start":{"line":117,"column":32},"end":{"line":119,"column":7}},"line":117},"21":{"name":"(anonymous_21)","decl":{"start":{"line":125,"column":11},"end":{"line":125,"column":12}},"loc":{"start":{"line":125,"column":23},"end":{"line":161,"column":5}},"line":125},"22":{"name":"_callee3","decl":{"start":{"line":128,"column":39},"end":{"line":128,"column":47}},"loc":{"start":{"line":128,"column":69},"end":{"line":154,"column":7}},"line":128},"23":{"name":"_callee3$","decl":{"start":{"line":130,"column":48},"end":{"line":130,"column":57}},"loc":{"start":{"line":130,"column":69},"end":{"line":153,"column":9}},"line":130},"24":{"name":"update","decl":{"start":{"line":156,"column":15},"end":{"line":156,"column":21}},"loc":{"start":{"line":156,"column":32},"end":{"line":158,"column":7}},"line":156},"25":{"name":"(anonymous_25)","decl":{"start":{"line":164,"column":11},"end":{"line":164,"column":12}},"loc":{"start":{"line":164,"column":23},"end":{"line":200,"column":5}},"line":164},"26":{"name":"_callee4","decl":{"start":{"line":167,"column":39},"end":{"line":167,"column":47}},"loc":{"start":{"line":167,"column":68},"end":{"line":193,"column":7}},"line":167},"27":{"name":"_callee4$","decl":{"start":{"line":169,"column":48},"end":{"line":169,"column":57}},"loc":{"start":{"line":169,"column":69},"end":{"line":192,"column":9}},"line":169},"28":{"name":"_delete","decl":{"start":{"line":195,"column":15},"end":{"line":195,"column":22}},"loc":{"start":{"line":195,"column":33},"end":{"line":197,"column":7}},"line":195},"29":{"name":"(anonymous_29)","decl":{"start":{"line":203,"column":11},"end":{"line":203,"column":12}},"loc":{"start":{"line":203,"column":23},"end":{"line":239,"column":5}},"line":203},"30":{"name":"_callee5","decl":{"start":{"line":206,"column":39},"end":{"line":206,"column":47}},"loc":{"start":{"line":206,"column":56},"end":{"line":232,"column":7}},"line":206},"31":{"name":"_callee5$","decl":{"start":{"line":208,"column":48},"end":{"line":208,"column":57}},"loc":{"start":{"line":208,"column":69},"end":{"line":231,"column":9}},"line":208},"32":{"name":"selectAll","decl":{"start":{"line":234,"column":15},"end":{"line":234,"column":24}},"loc":{"start":{"line":234,"column":30},"end":{"line":236,"column":7}},"line":234},"33":{"name":"initConn","decl":{"start":{"line":242,"column":20},"end":{"line":242,"column":28}},"loc":{"start":{"line":242,"column":31},"end":{"line":258,"column":5}},"line":242}},"branchMap":{"0":{"loc":{"start":{"line":16,"column":46},"end":{"line":16,"column":94}},"type":"cond-expr","locations":[{"start":{"line":16,"column":70},"end":{"line":16,"column":73}},{"start":{"line":16,"column":76},"end":{"line":16,"column":94}}],"line":16},"1":{"loc":{"start":{"line":16,"column":46},"end":{"line":16,"column":67}},"type":"binary-expr","locations":[{"start":{"line":16,"column":46},"end":{"line":16,"column":49}},{"start":{"line":16,"column":53},"end":{"line":16,"column":67}}],"line":16},"2":{"loc":{"start":{"line":18,"column":176},"end":{"line":18,"column":263}},"type":"if","locations":[{"start":{"line":18,"column":176},"end":{"line":18,"column":263}},{"start":{"line":18,"column":176},"end":{"line":18,"column":263}}],"line":18},"3":{"loc":{"start":{"line":22,"column":50},"end":{"line":22,"column":151}},"type":"if","locations":[{"start":{"line":22,"column":50},"end":{"line":22,"column":151}},{"start":{"line":22,"column":50},"end":{"line":22,"column":151}}],"line":22},"4":{"loc":{"start":{"line":24,"column":136},"end":{"line":24,"column":166}},"type":"binary-expr","locations":[{"start":{"line":24,"column":136},"end":{"line":24,"column":157}},{"start":{"line":24,"column":161},"end":{"line":24,"column":166}}],"line":24},"5":{"loc":{"start":{"line":24,"column":200},"end":{"line":24,"column":254}},"type":"if","locations":[{"start":{"line":24,"column":200},"end":{"line":24,"column":254}},{"start":{"line":24,"column":200},"end":{"line":24,"column":254}}],"line":24},"6":{"loc":{"start":{"line":26,"column":62},"end":{"line":26,"column":131}},"type":"if","locations":[{"start":{"line":26,"column":62},"end":{"line":26,"column":131}},{"start":{"line":26,"column":62},"end":{"line":26,"column":131}}],"line":26},"7":{"loc":{"start":{"line":26,"column":132},"end":{"line":26,"column":193}},"type":"if","locations":[{"start":{"line":26,"column":132},"end":{"line":26,"column":193}},{"start":{"line":26,"column":132},"end":{"line":26,"column":193}}],"line":26},"8":{"loc":{"start":{"line":54,"column":12},"end":{"line":73,"column":13}},"type":"switch","locations":[{"start":{"line":55,"column":14},"end":{"line":58,"column":124}},{"start":{"line":60,"column":14},"end":{"line":63,"column":62}},{"start":{"line":65,"column":14},"end":{"line":68,"column":83}},{"start":{"line":70,"column":14},"end":{"line":70,"column":22}},{"start":{"line":71,"column":14},"end":{"line":72,"column":39}}],"line":54},"9":{"loc":{"start":{"line":93,"column":12},"end":{"line":112,"column":13}},"type":"switch","locations":[{"start":{"line":94,"column":14},"end":{"line":97,"column":139}},{"start":{"line":99,"column":14},"end":{"line":102,"column":63}},{"start":{"line":104,"column":14},"end":{"line":107,"column":85}},{"start":{"line":109,"column":14},"end":{"line":109,"column":22}},{"start":{"line":110,"column":14},"end":{"line":111,"column":40}}],"line":93},"10":{"loc":{"start":{"line":132,"column":12},"end":{"line":151,"column":13}},"type":"switch","locations":[{"start":{"line":133,"column":14},"end":{"line":136,"column":140}},{"start":{"line":138,"column":14},"end":{"line":141,"column":63}},{"start":{"line":143,"column":14},"end":{"line":146,"column":85}},{"start":{"line":148,"column":14},"end":{"line":148,"column":22}},{"start":{"line":149,"column":14},"end":{"line":150,"column":40}}],"line":132},"11":{"loc":{"start":{"line":171,"column":12},"end":{"line":190,"column":13}},"type":"switch","locations":[{"start":{"line":172,"column":14},"end":{"line":175,"column":124}},{"start":{"line":177,"column":14},"end":{"line":180,"column":58}},{"start":{"line":182,"column":14},"end":{"line":185,"column":85}},{"start":{"line":187,"column":14},"end":{"line":187,"column":22}},{"start":{"line":188,"column":14},"end":{"line":189,"column":40}}],"line":171},"12":{"loc":{"start":{"line":210,"column":12},"end":{"line":229,"column":13}},"type":"switch","locations":[{"start":{"line":211,"column":14},"end":{"line":214,"column":94}},{"start":{"line":216,"column":14},"end":{"line":219,"column":63}},{"start":{"line":221,"column":14},"end":{"line":224,"column":85}},{"start":{"line":226,"column":14},"end":{"line":226,"column":22}},{"start":{"line":227,"column":14},"end":{"line":228,"column":40}}],"line":210}},"s":{"0":1,"1":1,"2":1,"3":1,"4":1,"5":1,"6":2,"7":0,"8":0,"9":0,"10":0,"11":0,"12":0,"13":0,"14":0,"15":5,"16":0,"17":0,"18":0,"19":0,"20":0,"21":0,"22":0,"23":0,"24":0,"25":2,"26":2,"27":6,"28":6,"29":6,"30":6,"31":6,"32":6,"33":1,"34":1,"35":1,"36":1,"37":1,"38":1,"39":1,"40":1,"41":0,"42":0,"43":0,"44":0,"45":0,"46":1,"47":1,"48":0,"49":0,"50":0,"51":0,"52":0,"53":0,"54":0,"55":0,"56":0,"57":0,"58":0,"59":0,"60":0,"61":0,"62":1,"63":1,"64":0,"65":0,"66":0,"67":0,"68":0,"69":0,"70":0,"71":0,"72":0,"73":0,"74":0,"75":0,"76":0,"77":0,"78":1,"79":1,"80":0,"81":0,"82":0,"83":0,"84":0,"85":0,"86":0,"87":0,"88":0,"89":0,"90":0,"91":0,"92":0,"93":0,"94":1,"95":1,"96":0,"97":0,"98":0,"99":0,"100":0,"101":0,"102":0,"103":0,"104":0,"105":0,"106":0,"107":0,"108":0,"109":0,"110":1,"111":1,"112":0,"113":0,"114":0,"115":0,"116":0,"117":0,"118":0,"119":0,"120":0,"121":0,"122":0,"123":0,"124":0,"125":0,"126":1,"127":0,"128":0,"129":0,"130":0,"131":0,"132":0,"133":0,"134":0,"135":0,"136":1,"137":1},"f":{"0":2,"1":0,"2":5,"3":0,"4":0,"5":0,"6":0,"7":0,"8":2,"9":1,"10":1,"11":0,"12":0,"13":1,"14":0,"15":0,"16":0,"17":1,"18":0,"19":0,"20":0,"21":1,"22":0,"23":0,"24":0,"25":1,"26":0,"27":0,"28":0,"29":1,"30":0,"31":0,"32":0,"33":0},"b":{"0":[0,2],"1":[2,2],"2":[0,0],"3":[0,0],"4":[6,6],"5":[6,0],"6":[1,0],"7":[1,0],"8":[0,0,0,0,0],"9":[0,0,0,0,0],"10":[0,0,0,0,0],"11":[0,0,0,0,0],"12":[0,0,0,0,0]},"_coverageSchema":"43e27e138ebf9cfc5966b082cf9a028302ed4184","hash":"5392ddd354018729abbc66d61dbbdd26b276c4b8","contentHash":"c9950c5460c087a3ec800d80a51555db222518334a9828d7ec930e5a197469ce"},"/home/majemite/Desktop/banka_application/server/helpers/helper.js":{"path":"/home/majemite/Desktop/banka_application/server/helpers/helper.js","statementMap":{"0":{"start":{"line":3,"column":0},"end":{"line":5,"column":3}},"1":{"start":{"line":6,"column":0},"end":{"line":6,"column":28}},"2":{"start":{"line":8,"column":14},"end":{"line":8,"column":55}},"3":{"start":{"line":10,"column":20},"end":{"line":10,"column":67}},"4":{"start":{"line":12,"column":39},"end":{"line":12,"column":95}},"5":{"start":{"line":14,"column":13},"end":{"line":14,"column":30}},"6":{"start":{"line":16,"column":0},"end":{"line":16,"column":16}},"7":{"start":{"line":17,"column":13},"end":{"line":60,"column":1}},"8":{"start":{"line":24,"column":4},"end":{"line":24,"column":84}},"9":{"start":{"line":34,"column":4},"end":{"line":34,"column":66}},"10":{"start":{"line":43,"column":4},"end":{"line":43,"column":38}},"11":{"start":{"line":52,"column":16},"end":{"line":56,"column":6}},"12":{"start":{"line":58,"column":4},"end":{"line":58,"column":17}},"13":{"start":{"line":61,"column":15},"end":{"line":61,"column":21}},"14":{"start":{"line":62,"column":0},"end":{"line":62,"column":30}}},"fnMap":{"0":{"name":"_interopRequireDefault","decl":{"start":{"line":12,"column":9},"end":{"line":12,"column":31}},"loc":{"start":{"line":12,"column":37},"end":{"line":12,"column":97}},"line":12},"1":{"name":"hashPassword","decl":{"start":{"line":23,"column":25},"end":{"line":23,"column":37}},"loc":{"start":{"line":23,"column":48},"end":{"line":25,"column":3}},"line":23},"2":{"name":"comparePassword","decl":{"start":{"line":33,"column":28},"end":{"line":33,"column":43}},"loc":{"start":{"line":33,"column":68},"end":{"line":35,"column":3}},"line":33},"3":{"name":"isValidEmail","decl":{"start":{"line":42,"column":25},"end":{"line":42,"column":37}},"loc":{"start":{"line":42,"column":45},"end":{"line":44,"column":3}},"line":42},"4":{"name":"generateToken","decl":{"start":{"line":51,"column":26},"end":{"line":51,"column":39}},"loc":{"start":{"line":51,"column":44},"end":{"line":59,"column":3}},"line":51}},"branchMap":{"0":{"loc":{"start":{"line":12,"column":46},"end":{"line":12,"column":94}},"type":"cond-expr","locations":[{"start":{"line":12,"column":70},"end":{"line":12,"column":73}},{"start":{"line":12,"column":76},"end":{"line":12,"column":94}}],"line":12},"1":{"loc":{"start":{"line":12,"column":46},"end":{"line":12,"column":67}},"type":"binary-expr","locations":[{"start":{"line":12,"column":46},"end":{"line":12,"column":49}},{"start":{"line":12,"column":53},"end":{"line":12,"column":67}}],"line":12}},"s":{"0":1,"1":1,"2":1,"3":1,"4":2,"5":1,"6":1,"7":1,"8":2,"9":1,"10":0,"11":2,"12":2,"13":1,"14":1},"f":{"0":2,"1":2,"2":1,"3":0,"4":2},"b":{"0":[0,2],"1":[2,2]},"_coverageSchema":"43e27e138ebf9cfc5966b082cf9a028302ed4184","hash":"14f493006cbcaa008b3694baa4a8642ff2acc4e4","contentHash":"4be2fc1f63b7702b4b4e3a3446ab7bbed067f743c886a82318ec243cfefc7cc8"},"/home/majemite/Desktop/banka_application/server/dbController/userController.js":{"path":"/home/majemite/Desktop/banka_application/server/dbController/userController.js","statementMap":{"0":{"start":{"line":3,"column":0},"end":{"line":5,"column":3}},"1":{"start":{"line":6,"column":0},"end":{"line":6,"column":28}},"2":{"start":{"line":8,"column":14},"end":{"line":8,"column":55}},"3":{"start":{"line":10,"column":10},"end":{"line":10,"column":50}},"4":{"start":{"line":12,"column":14},"end":{"line":12,"column":66}},"5":{"start":{"line":14,"column":0},"end":{"line":14,"column":27}},"6":{"start":{"line":16,"column":39},"end":{"line":16,"column":95}},"7":{"start":{"line":18,"column":77},"end":{"line":18,"column":175}},"8":{"start":{"line":18,"column":94},"end":{"line":18,"column":107}},"9":{"start":{"line":18,"column":121},"end":{"line":18,"column":131}},"10":{"start":{"line":18,"column":151},"end":{"line":18,"column":165}},"11":{"start":{"line":18,"column":166},"end":{"line":18,"column":173}},"12":{"start":{"line":18,"column":176},"end":{"line":18,"column":263}},"13":{"start":{"line":18,"column":193},"end":{"line":18,"column":208}},"14":{"start":{"line":18,"column":218},"end":{"line":18,"column":261}},"15":{"start":{"line":20,"column":33},"end":{"line":20,"column":387}},"16":{"start":{"line":20,"column":65},"end":{"line":20,"column":69}},"17":{"start":{"line":20,"column":78},"end":{"line":20,"column":87}},"18":{"start":{"line":20,"column":89},"end":{"line":20,"column":384}},"19":{"start":{"line":20,"column":147},"end":{"line":20,"column":167}},"20":{"start":{"line":20,"column":193},"end":{"line":20,"column":264}},"21":{"start":{"line":20,"column":290},"end":{"line":20,"column":360}},"22":{"start":{"line":20,"column":363},"end":{"line":20,"column":380}},"23":{"start":{"line":22,"column":11},"end":{"line":232,"column":1}},"24":{"start":{"line":30,"column":18},"end":{"line":88,"column":7}},"25":{"start":{"line":35,"column":6},"end":{"line":87,"column":35}},"26":{"start":{"line":36,"column":8},"end":{"line":86,"column":9}},"27":{"start":{"line":37,"column":10},"end":{"line":85,"column":11}},"28":{"start":{"line":39,"column":14},"end":{"line":39,"column":80}},"29":{"start":{"line":40,"column":14},"end":{"line":40,"column":172}},"30":{"start":{"line":41,"column":14},"end":{"line":41,"column":139}},"31":{"start":{"line":42,"column":14},"end":{"line":42,"column":32}},"32":{"start":{"line":43,"column":14},"end":{"line":43,"column":32}},"33":{"start":{"line":44,"column":14},"end":{"line":44,"column":63}},"34":{"start":{"line":47,"column":14},"end":{"line":47,"column":35}},"35":{"start":{"line":48,"column":14},"end":{"line":48,"column":31}},"36":{"start":{"line":49,"column":14},"end":{"line":49,"column":67}},"37":{"start":{"line":50,"column":14},"end":{"line":60,"column":18}},"38":{"start":{"line":63,"column":14},"end":{"line":63,"column":33}},"39":{"start":{"line":64,"column":14},"end":{"line":64,"column":49}},"40":{"start":{"line":66,"column":14},"end":{"line":69,"column":15}},"41":{"start":{"line":67,"column":16},"end":{"line":67,"column":35}},"42":{"start":{"line":68,"column":16},"end":{"line":68,"column":22}},"43":{"start":{"line":71,"column":14},"end":{"line":74,"column":18}},"44":{"start":{"line":77,"column":14},"end":{"line":80,"column":18}},"45":{"start":{"line":84,"column":14},"end":{"line":84,"column":37}},"46":{"start":{"line":91,"column":6},"end":{"line":91,"column":44}},"47":{"start":{"line":94,"column":4},"end":{"line":94,"column":18}},"48":{"start":{"line":104,"column":17},"end":{"line":165,"column":7}},"49":{"start":{"line":109,"column":6},"end":{"line":164,"column":36}},"50":{"start":{"line":110,"column":8},"end":{"line":163,"column":9}},"51":{"start":{"line":111,"column":10},"end":{"line":162,"column":11}},"52":{"start":{"line":113,"column":14},"end":{"line":113,"column":62}},"53":{"start":{"line":114,"column":14},"end":{"line":114,"column":33}},"54":{"start":{"line":115,"column":14},"end":{"line":115,"column":33}},"55":{"start":{"line":116,"column":14},"end":{"line":116,"column":66}},"56":{"start":{"line":119,"column":14},"end":{"line":119,"column":37}},"57":{"start":{"line":120,"column":14},"end":{"line":120,"column":32}},"58":{"start":{"line":122,"column":14},"end":{"line":125,"column":15}},"59":{"start":{"line":123,"column":16},"end":{"line":123,"column":35}},"60":{"start":{"line":124,"column":16},"end":{"line":124,"column":22}},"61":{"start":{"line":127,"column":14},"end":{"line":130,"column":18}},"62":{"start":{"line":133,"column":14},"end":{"line":136,"column":15}},"63":{"start":{"line":134,"column":16},"end":{"line":134,"column":36}},"64":{"start":{"line":135,"column":16},"end":{"line":135,"column":22}},"65":{"start":{"line":138,"column":14},"end":{"line":140,"column":18}},"66":{"start":{"line":143,"column":14},"end":{"line":143,"column":67}},"67":{"start":{"line":144,"column":14},"end":{"line":152,"column":18}},"68":{"start":{"line":155,"column":14},"end":{"line":155,"column":34}},"69":{"start":{"line":156,"column":14},"end":{"line":156,"column":51}},"70":{"start":{"line":157,"column":14},"end":{"line":157,"column":84}},"71":{"start":{"line":161,"column":14},"end":{"line":161,"column":38}},"72":{"start":{"line":168,"column":6},"end":{"line":168,"column":43}},"73":{"start":{"line":171,"column":4},"end":{"line":171,"column":17}},"74":{"start":{"line":181,"column":19},"end":{"line":224,"column":7}},"75":{"start":{"line":186,"column":6},"end":{"line":223,"column":36}},"76":{"start":{"line":187,"column":8},"end":{"line":222,"column":9}},"77":{"start":{"line":188,"column":10},"end":{"line":221,"column":11}},"78":{"start":{"line":190,"column":14},"end":{"line":190,"column":72}},"79":{"start":{"line":191,"column":14},"end":{"line":191,"column":33}},"80":{"start":{"line":192,"column":14},"end":{"line":192,"column":33}},"81":{"start":{"line":193,"column":14},"end":{"line":193,"column":70}},"82":{"start":{"line":196,"column":14},"end":{"line":196,"column":37}},"83":{"start":{"line":197,"column":14},"end":{"line":197,"column":32}},"84":{"start":{"line":199,"column":14},"end":{"line":202,"column":15}},"85":{"start":{"line":200,"column":16},"end":{"line":200,"column":35}},"86":{"start":{"line":201,"column":16},"end":{"line":201,"column":22}},"87":{"start":{"line":204,"column":14},"end":{"line":206,"column":18}},"88":{"start":{"line":209,"column":14},"end":{"line":211,"column":18}},"89":{"start":{"line":214,"column":14},"end":{"line":214,"column":34}},"90":{"start":{"line":215,"column":14},"end":{"line":215,"column":51}},"91":{"start":{"line":216,"column":14},"end":{"line":216,"column":84}},"92":{"start":{"line":220,"column":14},"end":{"line":220,"column":38}},"93":{"start":{"line":227,"column":6},"end":{"line":227,"column":45}},"94":{"start":{"line":230,"column":4},"end":{"line":230,"column":19}},"95":{"start":{"line":233,"column":15},"end":{"line":233,"column":19}},"96":{"start":{"line":234,"column":0},"end":{"line":234,"column":30}}},"fnMap":{"0":{"name":"_interopRequireDefault","decl":{"start":{"line":16,"column":9},"end":{"line":16,"column":31}},"loc":{"start":{"line":16,"column":37},"end":{"line":16,"column":97}},"line":16},"1":{"name":"asyncGeneratorStep","decl":{"start":{"line":18,"column":9},"end":{"line":18,"column":27}},"loc":{"start":{"line":18,"column":75},"end":{"line":18,"column":265}},"line":18},"2":{"name":"_asyncToGenerator","decl":{"start":{"line":20,"column":9},"end":{"line":20,"column":26}},"loc":{"start":{"line":20,"column":31},"end":{"line":20,"column":389}},"line":20},"3":{"name":"(anonymous_3)","decl":{"start":{"line":20,"column":40},"end":{"line":20,"column":41}},"loc":{"start":{"line":20,"column":52},"end":{"line":20,"column":386}},"line":20},"4":{"name":"(anonymous_4)","decl":{"start":{"line":20,"column":108},"end":{"line":20,"column":109}},"loc":{"start":{"line":20,"column":135},"end":{"line":20,"column":382}},"line":20},"5":{"name":"_next","decl":{"start":{"line":20,"column":178},"end":{"line":20,"column":183}},"loc":{"start":{"line":20,"column":191},"end":{"line":20,"column":266}},"line":20},"6":{"name":"_throw","decl":{"start":{"line":20,"column":276},"end":{"line":20,"column":282}},"loc":{"start":{"line":20,"column":288},"end":{"line":20,"column":362}},"line":20},"7":{"name":"(anonymous_7)","decl":{"start":{"line":29,"column":10},"end":{"line":29,"column":11}},"loc":{"start":{"line":29,"column":22},"end":{"line":95,"column":3}},"line":29},"8":{"name":"_callee","decl":{"start":{"line":32,"column":37},"end":{"line":32,"column":44}},"loc":{"start":{"line":32,"column":55},"end":{"line":88,"column":5}},"line":32},"9":{"name":"_callee$","decl":{"start":{"line":35,"column":46},"end":{"line":35,"column":54}},"loc":{"start":{"line":35,"column":65},"end":{"line":87,"column":7}},"line":35},"10":{"name":"create","decl":{"start":{"line":90,"column":13},"end":{"line":90,"column":19}},"loc":{"start":{"line":90,"column":29},"end":{"line":92,"column":5}},"line":90},"11":{"name":"(anonymous_11)","decl":{"start":{"line":103,"column":9},"end":{"line":103,"column":10}},"loc":{"start":{"line":103,"column":21},"end":{"line":172,"column":3}},"line":103},"12":{"name":"_callee2","decl":{"start":{"line":106,"column":37},"end":{"line":106,"column":45}},"loc":{"start":{"line":106,"column":56},"end":{"line":165,"column":5}},"line":106},"13":{"name":"_callee2$","decl":{"start":{"line":109,"column":46},"end":{"line":109,"column":55}},"loc":{"start":{"line":109,"column":67},"end":{"line":164,"column":7}},"line":109},"14":{"name":"login","decl":{"start":{"line":167,"column":13},"end":{"line":167,"column":18}},"loc":{"start":{"line":167,"column":29},"end":{"line":169,"column":5}},"line":167},"15":{"name":"(anonymous_15)","decl":{"start":{"line":180,"column":12},"end":{"line":180,"column":13}},"loc":{"start":{"line":180,"column":24},"end":{"line":231,"column":3}},"line":180},"16":{"name":"_callee3","decl":{"start":{"line":183,"column":37},"end":{"line":183,"column":45}},"loc":{"start":{"line":183,"column":56},"end":{"line":224,"column":5}},"line":183},"17":{"name":"_callee3$","decl":{"start":{"line":186,"column":46},"end":{"line":186,"column":55}},"loc":{"start":{"line":186,"column":67},"end":{"line":223,"column":7}},"line":186},"18":{"name":"_delete","decl":{"start":{"line":226,"column":13},"end":{"line":226,"column":20}},"loc":{"start":{"line":226,"column":31},"end":{"line":228,"column":5}},"line":226}},"branchMap":{"0":{"loc":{"start":{"line":16,"column":46},"end":{"line":16,"column":94}},"type":"cond-expr","locations":[{"start":{"line":16,"column":70},"end":{"line":16,"column":73}},{"start":{"line":16,"column":76},"end":{"line":16,"column":94}}],"line":16},"1":{"loc":{"start":{"line":16,"column":46},"end":{"line":16,"column":67}},"type":"binary-expr","locations":[{"start":{"line":16,"column":46},"end":{"line":16,"column":49}},{"start":{"line":16,"column":53},"end":{"line":16,"column":67}}],"line":16},"2":{"loc":{"start":{"line":18,"column":176},"end":{"line":18,"column":263}},"type":"if","locations":[{"start":{"line":18,"column":176},"end":{"line":18,"column":263}},{"start":{"line":18,"column":176},"end":{"line":18,"column":263}}],"line":18},"3":{"loc":{"start":{"line":37,"column":10},"end":{"line":85,"column":11}},"type":"switch","locations":[{"start":{"line":38,"column":12},"end":{"line":44,"column":63}},{"start":{"line":46,"column":12},"end":{"line":60,"column":18}},{"start":{"line":62,"column":12},"end":{"line":74,"column":18}},{"start":{"line":76,"column":12},"end":{"line":80,"column":18}},{"start":{"line":82,"column":12},"end":{"line":82,"column":20}},{"start":{"line":83,"column":12},"end":{"line":84,"column":37}}],"line":37},"4":{"loc":{"start":{"line":66,"column":14},"end":{"line":69,"column":15}},"type":"if","locations":[{"start":{"line":66,"column":14},"end":{"line":69,"column":15}},{"start":{"line":66,"column":14},"end":{"line":69,"column":15}}],"line":66},"5":{"loc":{"start":{"line":111,"column":10},"end":{"line":162,"column":11}},"type":"switch","locations":[{"start":{"line":112,"column":12},"end":{"line":116,"column":66}},{"start":{"line":118,"column":12},"end":{"line":130,"column":18}},{"start":{"line":132,"column":12},"end":{"line":140,"column":18}},{"start":{"line":142,"column":12},"end":{"line":152,"column":18}},{"start":{"line":154,"column":12},"end":{"line":157,"column":84}},{"start":{"line":159,"column":12},"end":{"line":159,"column":20}},{"start":{"line":160,"column":12},"end":{"line":161,"column":38}}],"line":111},"6":{"loc":{"start":{"line":122,"column":14},"end":{"line":125,"column":15}},"type":"if","locations":[{"start":{"line":122,"column":14},"end":{"line":125,"column":15}},{"start":{"line":122,"column":14},"end":{"line":125,"column":15}}],"line":122},"7":{"loc":{"start":{"line":133,"column":14},"end":{"line":136,"column":15}},"type":"if","locations":[{"start":{"line":133,"column":14},"end":{"line":136,"column":15}},{"start":{"line":133,"column":14},"end":{"line":136,"column":15}}],"line":133},"8":{"loc":{"start":{"line":188,"column":10},"end":{"line":221,"column":11}},"type":"switch","locations":[{"start":{"line":189,"column":12},"end":{"line":193,"column":70}},{"start":{"line":195,"column":12},"end":{"line":206,"column":18}},{"start":{"line":208,"column":12},"end":{"line":211,"column":18}},{"start":{"line":213,"column":12},"end":{"line":216,"column":84}},{"start":{"line":218,"column":12},"end":{"line":218,"column":20}},{"start":{"line":219,"column":12},"end":{"line":220,"column":38}}],"line":188},"9":{"loc":{"start":{"line":199,"column":14},"end":{"line":202,"column":15}},"type":"if","locations":[{"start":{"line":199,"column":14},"end":{"line":202,"column":15}},{"start":{"line":199,"column":14},"end":{"line":202,"column":15}}],"line":199}},"s":{"0":1,"1":1,"2":1,"3":1,"4":1,"5":1,"6":3,"7":10,"8":10,"9":10,"10":0,"11":0,"12":10,"13":5,"14":5,"15":3,"16":5,"17":5,"18":5,"19":5,"20":9,"21":1,"22":5,"23":1,"24":1,"25":2,"26":6,"27":6,"28":2,"29":2,"30":2,"31":2,"32":2,"33":2,"34":1,"35":1,"36":1,"37":1,"38":1,"39":1,"40":1,"41":0,"42":0,"43":1,"44":0,"45":2,"46":2,"47":1,"48":1,"49":3,"50":9,"51":11,"52":3,"53":3,"54":3,"55":3,"56":3,"57":3,"58":3,"59":1,"60":1,"61":2,"62":1,"63":1,"64":1,"65":0,"66":1,"67":1,"68":0,"69":0,"70":0,"71":3,"72":3,"73":1,"74":1,"75":0,"76":0,"77":0,"78":0,"79":0,"80":0,"81":0,"82":0,"83":0,"84":0,"85":0,"86":0,"87":0,"88":0,"89":0,"90":0,"91":0,"92":0,"93":0,"94":1,"95":1,"96":1},"f":{"0":3,"1":10,"2":3,"3":5,"4":5,"5":9,"6":1,"7":1,"8":2,"9":6,"10":2,"11":1,"12":3,"13":9,"14":3,"15":1,"16":0,"17":0,"18":0},"b":{"0":[2,1],"1":[3,3],"2":[5,5],"3":[2,1,1,0,0,2],"4":[0,1],"5":[3,3,1,1,0,0,3],"6":[1,2],"7":[1,0],"8":[0,0,0,0,0,0],"9":[0,0]},"_coverageSchema":"43e27e138ebf9cfc5966b082cf9a028302ed4184","hash":"7e4b4d8c9b8ff31d3a17549413ea7fb8b88226e6","contentHash":"dfeff573f0159dcc5f24f396954cf2656c358d54f963f076d337d0b305c0dd5f"},"/home/majemite/Desktop/banka_application/server/Controllers/Transaction.js":{"path":"/home/majemite/Desktop/banka_application/server/Controllers/Transaction.js","statementMap":{"0":{"start":{"line":3,"column":0},"end":{"line":5,"column":3}},"1":{"start":{"line":6,"column":0},"end":{"line":6,"column":28}},"2":{"start":{"line":8,"column":19},"end":{"line":8,"column":78}},"3":{"start":{"line":10,"column":13},"end":{"line":10,"column":66}},"4":{"start":{"line":12,"column":22},"end":{"line":12,"column":62}},"5":{"start":{"line":14,"column":39},"end":{"line":14,"column":95}},"6":{"start":{"line":16,"column":50},"end":{"line":16,"column":151}},"7":{"start":{"line":16,"column":92},"end":{"line":16,"column":149}},"8":{"start":{"line":18,"column":44},"end":{"line":18,"column":315}},"9":{"start":{"line":18,"column":57},"end":{"line":18,"column":58}},"10":{"start":{"line":18,"column":102},"end":{"line":18,"column":110}},"11":{"start":{"line":18,"column":112},"end":{"line":18,"column":167}},"12":{"start":{"line":18,"column":168},"end":{"line":18,"column":199}},"13":{"start":{"line":18,"column":200},"end":{"line":18,"column":254}},"14":{"start":{"line":18,"column":227},"end":{"line":18,"column":254}},"15":{"start":{"line":18,"column":255},"end":{"line":18,"column":313}},"16":{"start":{"line":20,"column":62},"end":{"line":20,"column":131}},"17":{"start":{"line":20,"column":78},"end":{"line":20,"column":131}},"18":{"start":{"line":20,"column":132},"end":{"line":20,"column":193}},"19":{"start":{"line":20,"column":149},"end":{"line":20,"column":193}},"20":{"start":{"line":20,"column":194},"end":{"line":20,"column":213}},"21":{"start":{"line":22,"column":12},"end":{"line":22,"column":35}},"22":{"start":{"line":23,"column":19},"end":{"line":23,"column":55}},"23":{"start":{"line":24,"column":15},"end":{"line":24,"column":47}},"24":{"start":{"line":28,"column":0},"end":{"line":160,"column":3}},"25":{"start":{"line":30,"column":4},"end":{"line":30,"column":49}},"26":{"start":{"line":33,"column":2},"end":{"line":157,"column":6}},"27":{"start":{"line":45,"column":26},"end":{"line":45,"column":50}},"28":{"start":{"line":46,"column":25},"end":{"line":46,"column":46}},"29":{"start":{"line":47,"column":28},"end":{"line":49,"column":8}},"30":{"start":{"line":48,"column":8},"end":{"line":48,"column":69}},"31":{"start":{"line":51,"column":6},"end":{"line":56,"column":7}},"32":{"start":{"line":52,"column":8},"end":{"line":55,"column":11}},"33":{"start":{"line":58,"column":20},"end":{"line":58,"column":43}},"34":{"start":{"line":59,"column":24},"end":{"line":68,"column":7}},"35":{"start":{"line":69,"column":6},"end":{"line":69,"column":55}},"36":{"start":{"line":70,"column":6},"end":{"line":70,"column":37}},"37":{"start":{"line":71,"column":17},"end":{"line":77,"column":7}},"38":{"start":{"line":78,"column":6},"end":{"line":82,"column":9}},"39":{"start":{"line":96,"column":26},"end":{"line":96,"column":50}},"40":{"start":{"line":97,"column":24},"end":{"line":97,"column":44}},"41":{"start":{"line":105,"column":27},"end":{"line":107,"column":8}},"42":{"start":{"line":106,"column":8},"end":{"line":106,"column":69}},"43":{"start":{"line":109,"column":6},"end":{"line":114,"column":7}},"44":{"start":{"line":110,"column":8},"end":{"line":113,"column":11}},"45":{"start":{"line":116,"column":20},"end":{"line":116,"column":42}},"46":{"start":{"line":117,"column":18},"end":{"line":117,"column":38}},"47":{"start":{"line":119,"column":6},"end":{"line":124,"column":7}},"48":{"start":{"line":120,"column":8},"end":{"line":123,"column":11}},"49":{"start":{"line":126,"column":25},"end":{"line":128,"column":8}},"50":{"start":{"line":127,"column":8},"end":{"line":127,"column":33}},"51":{"start":{"line":129,"column":31},"end":{"line":129,"column":71}},"52":{"start":{"line":130,"column":18},"end":{"line":130,"column":4
[...]
umn":322}},"type":"cond-expr","locations":[{"start":{"line":14,"column":301},"end":{"line":14,"column":309}},{"start":{"line":14,"column":312},"end":{"line":14,"column":322}}],"line":14},"8":{"loc":{"start":{"line":14,"column":205},"end":{"line":14,"column":298}},"type":"binary-expr","locations":[{"start":{"line":14,"column":205},"end":{"line":14,"column":208}},{"start":{"line":14,"column":212},"end":{"line":14,"column":240}},{"start":{"line":14,"column":244},"end":{"line":14,"column":270}},{"start":{"line":14,"column":274},"end":{"line":14,"column":298}}],"line":14},"9":{"loc":{"start":{"line":24,"column":9},"end":{"line":24,"column":170}},"type":"binary-expr","locations":[{"start":{"line":24,"column":9},"end":{"line":24,"column":28}},{"start":{"line":24,"column":32},"end":{"line":24,"column":46}},{"start":{"line":24,"column":50},"end":{"line":24,"column":77}},{"start":{"line":24,"column":81},"end":{"line":24,"column":112}},{"start":{"line":24,"column":116},"end":{"line":24,"column":141}},{"start":{"line":24,"column":145},"end":{"line":24,"column":170}}],"line":24},"10":{"loc":{"start":{"line":58,"column":6},"end":{"line":63,"column":7}},"type":"if","locations":[{"start":{"line":58,"column":6},"end":{"line":63,"column":7}},{"start":{"line":58,"column":6},"end":{"line":63,"column":7}}],"line":58},"11":{"loc":{"start":{"line":58,"column":10},"end":{"line":58,"column":110}},"type":"binary-expr","locations":[{"start":{"line":58,"column":10},"end":{"line":58,"column":28}},{"start":{"line":58,"column":32},"end":{"line":58,"column":49}},{"start":{"line":58,"column":53},"end":{"line":58,"column":67}},{"start":{"line":58,"column":71},"end":{"line":58,"column":88}},{"start":{"line":58,"column":92},"end":{"line":58,"column":110}}],"line":58},"12":{"loc":{"start":{"line":65,"column":6},"end":{"line":70,"column":7}},"type":"if","locations":[{"start":{"line":65,"column":6},"end":{"line":70,"column":7}},{"start":{"line":65,"column":6},"end":{"line":70,"column":7}}],"line":65},"13":{"loc":{"start":{"line":72,"column":6},"end":{"line":77,"column":7}},"type":"if","locations":[{"start":{"line":72,"column":6},"end":{"line":77,"column":7}},{"start":{"line":72,"column":6},"end":{"line":77,"column":7}}],"line":72},"14":{"loc":{"start":{"line":79,"column":6},"end":{"line":84,"column":7}},"type":"if","locations":[{"start":{"line":79,"column":6},"end":{"line":84,"column":7}},{"start":{"line":79,"column":6},"end":{"line":84,"column":7}}],"line":79},"15":{"loc":{"start":{"line":86,"column":6},"end":{"line":91,"column":7}},"type":"if","locations":[{"start":{"line":86,"column":6},"end":{"line":91,"column":7}},{"start":{"line":86,"column":6},"end":{"line":91,"column":7}}],"line":86},"16":{"loc":{"start":{"line":93,"column":6},"end":{"line":98,"column":7}},"type":"if","locations":[{"start":{"line":93,"column":6},"end":{"line":98,"column":7}},{"start":{"line":93,"column":6},"end":{"line":98,"column":7}}],"line":93},"17":{"loc":{"start":{"line":100,"column":6},"end":{"line":105,"column":7}},"type":"if","locations":[{"start":{"line":100,"column":6},"end":{"line":105,"column":7}},{"start":{"line":100,"column":6},"end":{"line":105,"column":7}}],"line":100},"18":{"loc":{"start":{"line":107,"column":6},"end":{"line":112,"column":7}},"type":"if","locations":[{"start":{"line":107,"column":6},"end":{"line":112,"column":7}},{"start":{"line":107,"column":6},"end":{"line":112,"column":7}}],"line":107},"19":{"loc":{"start":{"line":114,"column":6},"end":{"line":119,"column":7}},"type":"if","locations":[{"start":{"line":114,"column":6},"end":{"line":119,"column":7}},{"start":{"line":114,"column":6},"end":{"line":119,"column":7}}],"line":114},"20":{"loc":{"start":{"line":140,"column":6},"end":{"line":145,"column":7}},"type":"if","locations":[{"start":{"line":140,"column":6},"end":{"line":145,"column":7}},{"start":{"line":140,"column":6},"end":{"line":145,"column":7}}],"line":140},"21":{"loc":{"start":{"line":140,"column":10},"end":{"line":140,"column":45}},"type":"binary-expr","locations":[{"start":{"line":140,"column":10},"end":{"line":140,"column":24}},{"start":{"line":140,"column":28},"end":{"line":140,"column":45}}],"line":140},"22":{"loc":{"start":{"line":147,"column":6},"end":{"line":152,"column":7}},"type":"if","locations":[{"start":{"line":147,"column":6},"end":{"line":152,"column":7}},{"start":{"line":147,"column":6},"end":{"line":152,"column":7}}],"line":147},"23":{"loc":{"start":{"line":154,"column":6},"end":{"line":159,"column":7}},"type":"if","locations":[{"start":{"line":154,"column":6},"end":{"line":159,"column":7}},{"start":{"line":154,"column":6},"end":{"line":159,"column":7}}],"line":154}},"s":{"0":1,"1":1,"2":0,"3":0,"4":1,"5":1,"6":2,"7":2,"8":2,"9":2,"10":2,"11":2,"12":1,"13":0,"14":1,"15":1,"16":1,"17":1,"18":1,"19":81,"20":0,"21":0,"22":1,"23":1,"24":83,"25":1,"26":1,"27":0,"28":1,"29":11,"30":11,"31":11,"32":11,"33":11,"34":11,"35":11,"36":11,"37":1,"38":10,"39":1,"40":9,"41":1,"42":8,"43":1,"44":7,"45":1,"46":6,"47":1,"48":5,"49":1,"50":4,"51":1,"52":3,"53":1,"54":2,"55":6,"56":6,"57":6,"58":6,"59":1,"60":5,"61":1,"62":4,"63":1,"64":3,"65":1,"66":1},"f":{"0":0,"1":1,"2":1,"3":1,"4":81,"5":0,"6":83,"7":1,"8":0,"9":11,"10":6},"b":{"0":[0,0],"1":[2,2],"2":[2,0],"3":[0,1],"4":[1,0],"5":[1,0],"6":[1,1],"7":[0,0],"8":[0,0,0,0],"9":[83,81,81,1,81,75],"10":[1,10],"11":[11,2,1,1,1],"12":[1,9],"13":[1,8],"14":[1,7],"15":[1,6],"16":[1,5],"17":[1,4],"18":[1,3],"19":[1,2],"20":[1,5],"21":[6,2],"22":[1,4],"23":[1,3]},"_coverageSchema":"43e27e138ebf9cfc5966b082cf9a028302ed4184","hash":"00c2f566c8158bbfeae4268d4e48869f413d41b3","contentHash":"aa58b9ff2aced30d12f0331336c91a28960bd98663be942f3236812f9963faa1"},"/home/majemite/Desktop/banka_application/server/middlewares/validateTransaction.js":{"path":"/home/majemite/Desktop/banka_application/server/middlewares/validateTransaction.js","statementMap":{"0":{"start":{"line":3,"column":0},"end":{"line":5,"column":3}},"1":{"start":{"line":6,"column":0},"end":{"line":6,"column":28}},"2":{"start":{"line":8,"column":22},"end":{"line":8,"column":49}},"3":{"start":{"line":10,"column":50},"end":{"line":10,"column":151}},"4":{"start":{"line":10,"column":92},"end":{"line":10,"column":149}},"5":{"start":{"line":12,"column":44},"end":{"line":12,"column":315}},"6":{"start":{"line":12,"column":57},"end":{"line":12,"column":58}},"7":{"start":{"line":12,"column":102},"end":{"line":12,"column":110}},"8":{"start":{"line":12,"column":112},"end":{"line":12,"column":167}},"9":{"start":{"line":12,"column":168},"end":{"line":12,"column":199}},"10":{"start":{"line":12,"column":200},"end":{"line":12,"column":254}},"11":{"start":{"line":12,"column":227},"end":{"line":12,"column":254}},"12":{"start":{"line":12,"column":255},"end":{"line":12,"column":313}},"13":{"start":{"line":14,"column":62},"end":{"line":14,"column":131}},"14":{"start":{"line":14,"column":78},"end":{"line":14,"column":131}},"15":{"start":{"line":14,"column":132},"end":{"line":14,"column":193}},"16":{"start":{"line":14,"column":149},"end":{"line":14,"column":193}},"17":{"start":{"line":14,"column":194},"end":{"line":14,"column":213}},"18":{"start":{"line":18,"column":0},"end":{"line":104,"column":3}},"19":{"start":{"line":20,"column":4},"end":{"line":20,"column":49}},"20":{"start":{"line":23,"column":2},"end":{"line":101,"column":6}},"21":{"start":{"line":37,"column":25},"end":{"line":37,"column":46}},"22":{"start":{"line":39,"column":6},"end":{"line":44,"column":7}},"23":{"start":{"line":40,"column":8},"end":{"line":43,"column":11}},"24":{"start":{"line":46,"column":6},"end":{"line":51,"column":7}},"25":{"start":{"line":47,"column":8},"end":{"line":50,"column":11}},"26":{"start":{"line":53,"column":6},"end":{"line":58,"column":7}},"27":{"start":{"line":54,"column":8},"end":{"line":57,"column":11}},"28":{"start":{"line":60,"column":6},"end":{"line":60,"column":20}},"29":{"start":{"line":76,"column":24},"end":{"line":76,"column":44}},"30":{"start":{"line":78,"column":6},"end":{"line":83,"column":7}},"31":{"start":{"line":79,"column":8},"end":{"line":82,"column":11}},"32":{"start":{"line":85,"column":6},"end":{"line":90,"column":7}},"33":{"start":{"line":86,"column":8},"end":{"line":89,"column":11}},"34":{"start":{"line":92,"column":6},"end":{"line":97,"column":7}},"35":{"start":{"line":93,"column":8},"end":{"line":96,"column":11}},"36":{"start":{"line":99,"column":6},"end":{"line":99,"column":20}},"37":{"start":{"line":103,"column":2},"end":{"line":103,"column":31}},"38":{"start":{"line":106,"column":0},"end":{"line":106,"column":43}}},"fnMap":{"0":{"name":"_classCallCheck","decl":{"start":{"line":10,"column":9},"end":{"line":10,"column":24}},"loc":{"start":{"line":10,"column":48},"end":{"line":10,"column":153}},"line":10},"1":{"name":"_defineProperties","decl":{"start":{"line":12,"column":9},"end":{"line":12,"column":26}},"loc":{"start":{"line":12,"column":42},"end":{"line":12,"column":317}},"line":12},"2":{"name":"_createClass","decl":{"start":{"line":14,"column":9},"end":{"line":14,"column":21}},"loc":{"start":{"line":14,"column":60},"end":{"line":14,"column":215}},"line":14},"3":{"name":"(anonymous_3)","decl":{"start":{"line":18,"column":0},"end":{"line":18,"column":1}},"loc":{"start":{"line":18,"column":12},"end":{"line":104,"column":1}},"line":18},"4":{"name":"TransactionValidation","decl":{"start":{"line":19,"column":11},"end":{"line":19,"column":32}},"loc":{"start":{"line":19,"column":35},"end":{"line":21,"column":3}},"line":19},"5":{"name":"validateCreditTransaction","decl":{"start":{"line":36,"column":20},"end":{"line":36,"column":45}},"loc":{"start":{"line":36,"column":62},"end":{"line":61,"column":5}},"line":36},"6":{"name":"validateDebitTransaction","decl":{"start":{"line":75,"column":20},"end":{"line":75,"column":44}},"loc":{"start":{"line":75,"column":61},"end":{"line":100,"column":5}},"line":75}},"branchMap":{"0":{"loc":{"start":{"line":10,"column":50},"end":{"line":10,"column":151}},"type":"if","locations":[{"start":{"line":10,"column":50},"end":{"line":10,"column":151}},{"start":{"line":10,"column":50},"end":{"line":10,"column":151}}],"line":10},"1":{"loc":{"start":{"line":12,"column":136},"end":{"line":12,"column":166}},"type":"binary-expr","locations":[{"start":{"line":12,"column":136},"end":{"line":12,"column":157}},{"start":{"line":12,"column":161},"end":{"line":12,"column":166}}],"line":12},"2":{"loc":{"start":{"line":12,"column":200},"end":{"line":12,"column":254}},"type":"if","locations":[{"start":{"line":12,"column":200},"end":{"line":12,"column":254}},{"start":{"line":12,"column":200},"end":{"line":12,"column":254}}],"line":12},"3":{"loc":{"start":{"line":14,"column":62},"end":{"line":14,"column":131}},"type":"if","locations":[{"start":{"line":14,"column":62},"end":{"line":14,"column":131}},{"start":{"line":14,"column":62},"end":{"line":14,"column":131}}],"line":14},"4":{"loc":{"start":{"line":14,"column":132},"end":{"line":14,"column":193}},"type":"if","locations":[{"start":{"line":14,"column":132},"end":{"line":14,"column":193}},{"start":{"line":14,"column":132},"end":{"line":14,"column":193}}],"line":14},"5":{"loc":{"start":{"line":39,"column":6},"end":{"line":44,"column":7}},"type":"if","locations":[{"start":{"line":39,"column":6},"end":{"line":44,"column":7}},{"start":{"line":39,"column":6},"end":{"line":44,"column":7}}],"line":39},"6":{"loc":{"start":{"line":46,"column":6},"end":{"line":51,"column":7}},"type":"if","locations":[{"start":{"line":46,"column":6},"end":{"line":51,"column":7}},{"start":{"line":46,"column":6},"end":{"line":51,"column":7}}],"line":46},"7":{"loc":{"start":{"line":53,"column":6},"end":{"line":58,"column":7}},"type":"if","locations":[{"start":{"line":53,"column":6},"end":{"line":58,"column":7}},{"start":{"line":53,"column":6},"end":{"line":58,"column":7}}],"line":53},"8":{"loc":{"start":{"line":78,"column":6},"end":{"line":83,"column":7}},"type":"if","locations":[{"start":{"line":78,"column":6},"end":{"line":83,"column":7}},{"start":{"line":78,"column":6},"end":{"line":83,"column":7}}],"line":78},"9":{"loc":{"start":{"line":85,"column":6},"end":{"line":90,"column":7}},"type":"if","locations":[{"start":{"line":85,"column":6},"end":{"line":90,"column":7}},{"start":{"line":85,"column":6},"end":{"line":90,"column":7}}],"line":85},"10":{"loc":{"start":{"line":92,"column":6},"end":{"line":97,"column":7}},"type":"if","locations":[{"start":{"line":92,"column":6},"end":{"line":97,"column":7}},{"start":{"line":92,"column":6},"end":{"line":97,"column":7}}],"line":92}},"s":{"0":1,"1":1,"2":1,"3":0,"4":0,"5":1,"6":1,"7":2,"8":2,"9":2,"10":2,"11":2,"12":2,"13":1,"14":0,"15":1,"16":1,"17":1,"18":1,"19":0,"20":1,"21":4,"22":4,"23":1,"24":3,"25":1,"26":2,"27":1,"28":1,"29":5,"30":5,"31":1,"32":4,"33":1,"34":3,"35":1,"36":2,"37":1,"38":1},"f":{"0":0,"1":1,"2":1,"3":1,"4":0,"5":4,"6":5},"b":{"0":[0,0],"1":[2,2],"2":[2,0],"3":[0,1],"4":[1,0],"5":[1,3],"6":[1,2],"7":[1,1],"8":[1,4],"9":[1,3],"10":[1,2]},"_coverageSchema":"43e27e138ebf9cfc5966b082cf9a028302ed4184","hash":"29dd51a2d52f83c092c475c3e4485c04bf793236","contentHash":"83b93dcf8a286d86770db7353d1050848ea8462682394997020e78ff805beddf"},"/home/majemite/Desktop/banka_application/server/middlewares/verifyToken.js":{"path":"/home/majemite/Desktop/banka_application/server/middlewares/verifyToken.js","statementMap":{"0":{"start":{"line":3,"column":0},"end":{"line":5,"column":3}},"1":{"start":{"line":6,"column":0},"end":{"line":6,"column":28}},"2":{"start":{"line":8,"column":20},"end":{"line":8,"column":67}},"3":{"start":{"line":10,"column":39},"end":{"line":10,"column":95}},"4":{"start":{"line":12,"column":50},"end":{"line":12,"column":151}},"5":{"start":{"line":12,"column":92},"end":{"line":12,"column":149}},"6":{"start":{"line":14,"column":44},"end":{"line":14,"column":315}},"7":{"start":{"line":14,"column":57},"end":{"line":14,"column":58}},"8":{"start":{"line":14,"column":102},"end":{"line":14,"column":110}},"9":{"start":{"line":14,"column":112},"end":{"line":14,"column":167}},"10":{"start":{"line":14,"column":168},"end":{"line":14,"column":199}},"11":{"start":{"line":14,"column":200},"end":{"line":14,"column":254}},"12":{"start":{"line":14,"column":227},"end":{"line":14,"column":254}},"13":{"start":{"line":14,"column":255},"end":{"line":14,"column":313}},"14":{"start":{"line":16,"column":62},"end":{"line":16,"column":131}},"15":{"start":{"line":16,"column":78},"end":{"line":16,"column":131}},"16":{"start":{"line":16,"column":132},"end":{"line":16,"column":193}},"17":{"start":{"line":16,"column":149},"end":{"line":16,"column":193}},"18":{"start":{"line":16,"column":194},"end":{"line":16,"column":213}},"19":{"start":{"line":20,"column":0},"end":{"line":59,"column":3}},"20":{"start":{"line":22,"column":4},"end":{"line":22,"column":41}},"21":{"start":{"line":25,"column":2},"end":{"line":56,"column":6}},"22":{"start":{"line":35,"column":18},"end":{"line":35,"column":76}},"23":{"start":{"line":37,"column":6},"end":{"line":54,"column":7}},"24":{"start":{"line":38,"column":8},"end":{"line":48,"column":11}},"25":{"start":{"line":39,"column":10},"end":{"line":44,"column":11}},"26":{"start":{"line":40,"column":12},"end":{"line":43,"column":15}},"27":{"start":{"line":46,"column":10},"end":{"line":46,"column":32}},"28":{"start":{"line":47,"column":10},"end":{"line":47,"column":24}},"29":{"start":{"line":50,"column":8},"end":{"line":53,"column":11}},"30":{"start":{"line":58,"column":2},"end":{"line":58,"column":23}},"31":{"start":{"line":61,"column":0},"end":{"line":61,"column":35}}},"fnMap":{"0":{"name":"_interopRequireDefault","decl":{"start":{"line":10,"column":9},"end":{"line":10,"column":31}},"loc":{"start":{"line":10,"column":37},"end":{"line":10,"column":97}},"line":10},"1":{"name":"_classCallCheck","decl":{"start":{"line":12,"column":9},"end":{"line":12,"column":24}},"loc":{"start":{"line":12,"column":48},"end":{"line":12,"column":153}},"line":12},"2":{"name":"_defineProperties","decl":{"start":{"line":14,"column":9},"end":{"line":14,"column":26}},"loc":{"start":{"line":14,"column":42},"end":{"line":14,"column":317}},"line":14},"3":{"name":"_createClass","decl":{"start":{"line":16,"column":9},"end":{"line":16,"column":21}},"loc":{"start":{"line":16,"column":60},"end":{"line":16,"column":215}},"line":16},"4":{"name":"(anonymous_4)","decl":{"start":{"line":20,"column":0},"end":{"line":20,"column":1}},"loc":{"start":{"line":20,"column":12},"end":{"line":59,"column":1}},"line":20},"5":{"name":"Authorization","decl":{"start":{"line":21,"column":11},"end":{"line":21,"column":24}},"loc":{"start":{"line":21,"column":27},"end":{"line":23,"column":3}},"line":21},"6":{"name":"checkToken","decl":{"start":{"line":34,"column":20},"end":{"line":34,"column":30}},"loc":{"start":{"line":34,"column":47},"end":{"line":55,"column":5}},"line":34},"7":{"name":"(anonymous_7)","decl":{"start":{"line":38,"column":58},"end":{"line":38,"column":59}},"loc":{"start":{"line":38,"column":82},"end":{"line":48,"column":9}},"line":38}},"branchMap":{"0":{"loc":{"start":{"line":10,"column":46},"end":{"line":10,"column":94}},"type":"cond-expr","locations":[{"start":{"line":10,"column":70},"end":{"line":10,"column":73}},{"start":{"line":10,"column":76},"end":{"line":10,"column":94}}],"line":10},"1":{"loc":{"start":{"line":10,"column":46},"end":{"line":10,"column":67}},"type":"binary-expr","locations":[{"start":{"line":10,"column":46},"end":{"line":10,"column":49}},{"start":{"line":10,"column":53},"end":{"line":10,"column":67}}],"line":10},"2":{"loc":{"start":{"line":12,"column":50},"end":{"line":12,"column":151}},"type":"if","locations":[{"start":{"line":12,"column":50},"end":{"line":12,"column":151}},{"start":{"line":12,"column":50},"end":{"line":12,"column":151}}],"line":12},"3":{"loc":{"start":{"line":14,"column":136},"end":{"line":14,"column":166}},"type":"binary-expr","locations":[{"start":{"line":14,"column":136},"end":{"line":14,"column":157}},{"start":{"line":14,"column":161},"end":{"line":14,"column":166}}],"line":14},"4":{"loc":{"start":{"line":14,"column":200},"end":{"line":14,"column":254}},"type":"if","locations":[{"start":{"line":14,"column":200},"end":{"line":14,"column":254}},{"start":{"line":14,"column":200},"end":{"line":14,"column":254}}],"line":14},"5":{"loc":{"start":{"line":16,"column":62},"end":{"line":16,"column":131}},"type":"if","locations":[{"start":{"line":16,"column":62},"end":{"line":16,"column":131}},{"start":{"line":16,"column":62},"end":{"line":16,"column":131}}],"line":16},"6":{"loc":{"start":{"line":16,"column":132},"end":{"line":16,"column":193}},"type":"if","locations":[{"start":{"line":16,"column":132},"end":{"line":16,"column":193}},{"start":{"line":16,"column":132},"end":{"line":16,"column":193}}],"line":16},"7":{"loc":{"start":{"line":35,"column":18},"end":{"line":35,"column":76}},"type":"binary-expr","locations":[{"start":{"line":35,"column":18},"end":{"line":35,"column":47}},{"start":{"line":35,"column":51},"end":{"line":35,"column":76}}],"line":35},"8":{"loc":{"start":{"line":37,"column":6},"end":{"line":54,"column":7}},"type":"if","locations":[{"start":{"line":37,"column":6},"end":{"line":54,"column":7}},{"start":{"line":37,"column":6},"end":{"line":54,"column":7}}],"line":37},"9":{"loc":{"start":{"line":39,"column":10},"end":{"line":44,"column":11}},"type":"if","locations":[{"start":{"line":39,"column":10},"end":{"line":44,"column":11}},{"start":{"line":39,"column":10},"end":{"line":44,"column":11}}],"line":39}},"s":{"0":1,"1":1,"2":1,"3":1,"4":0,"5":0,"6":1,"7":1,"8":1,"9":1,"10":1,"11":1,"12":1,"13":1,"14":1,"15":0,"16":1,"17":1,"18":1,"19":1,"20":0,"21":1,"22":0,"23":0,"24":0,"25":0,"26":0,"27":0,"28":0,"29":0,"30":1,"31":1},"f":{"0":1,"1":0,"2":1,"3":1,"4":1,"5":0,"6":0,"7":0},"b":{"0":[0,1],"1":[1,1],"2":[0,0],"3":[1,1],"4":[1,0],"5":[0,1],"6":[1,0],"7":[0,0],"8":[0,0],"9":[0,0]},"_coverageSchema":"43e27e138ebf9cfc5966b082cf9a028302ed4184","hash":"9d09c5560d1b0aae4ae3ee0935b1ef083a87e145","contentHash":"2c520a0c2120bfe28810eb56f7fe1f94432f9777294d065dbd7655482473a7ff"}}